[2016-06-04 13:31:12.215] [ERROR] access - 500 GET /news/0 8602ms
[2016-06-04 13:31:12.693] [WARN] access - 304 GET /home/css/main.css 12ms
[2016-06-04 13:31:12.700] [WARN] access - 304 GET /home/js/base.js 2ms
[2016-06-04 13:31:13.851] [WARN] access - 304 GET /home/css/main.css 2ms
[2016-06-04 13:31:14.236] [WARN] access - 304 GET /home/js/base.js 2ms
[2016-06-04 13:32:48.642] [INFO] access - 200 GET /news/0 5540ms
[2016-06-04 13:32:48.905] [WARN] access - 304 GET /home/css/main.css 3ms
[2016-06-04 13:32:48.908] [WARN] access - 304 GET /home/js/base.js 1ms
[2016-06-04 13:32:50.892] [WARN] access - 304 GET /home/css/main.css 2ms
[2016-06-04 13:32:50.970] [WARN] access - 304 GET /home/js/base.js 2ms
[2016-06-04 13:45:32.221] [ERROR] access - 500 GET /news/0 6962ms
[2016-06-04 13:45:32.541] [WARN] access - 304 GET /home/css/main.css 2ms
[2016-06-04 13:45:32.554] [WARN] access - 304 GET /home/js/base.js 2ms
[2016-06-04 13:45:33.334] [WARN] access - 304 GET /home/css/main.css 1ms
[2016-06-04 13:45:33.364] [WARN] access - 304 GET /home/js/base.js 2ms
[2016-06-04 13:46:34.088] [INFO] access - 200 GET /news/0 23395ms
[2016-06-04 13:46:34.205] [WARN] access - 304 GET /home/css/main.css 1ms
[2016-06-04 13:46:34.211] [WARN] access - 304 GET /home/js/base.js 1ms
[2016-06-04 13:46:34.936] [WARN] access - 304 GET /home/css/main.css 1ms
[2016-06-04 13:46:34.971] [WARN] access - 304 GET /home/js/base.js 1ms
[2016-06-04 13:47:47.555] [INFO] access - 200 GET /news/0 57ms
[2016-06-04 13:47:47.923] [WARN] access - 304 GET /home/css/main.css 2ms
[2016-06-04 13:47:47.935] [WARN] access - 304 GET /home/js/base.js 2ms
[2016-06-04 13:47:49.811] [WARN] access - 304 GET /home/css/main.css 1ms
[2016-06-04 13:47:49.854] [WARN] access - 304 GET /home/js/base.js 1ms
[2016-06-04 13:49:00.624] [INFO] access - 200 GET /news/0 8779ms
[2016-06-04 13:49:00.964] [WARN] access - 304 GET /home/css/main.css 7ms
[2016-06-04 13:49:00.969] [WARN] access - 304 GET /home/js/base.js 2ms
[2016-06-04 13:49:02.067] [WARN] access - 304 GET /home/css/main.css 3ms
[2016-06-04 13:49:02.609] [WARN] access - 304 GET /home/js/base.js 2ms
[2016-06-04 13:50:25.880] [ERROR] access - 500 GET /news/0 89ms
[2016-06-04 13:50:26.101] [WARN] access - 304 GET /home/css/main.css 2ms
[2016-06-04 13:50:26.107] [WARN] access - 304 GET /home/js/base.js 2ms
[2016-06-04 13:50:31.048] [WARN] access - 304 GET /home/css/main.css 1ms
[2016-06-04 13:50:31.074] [WARN] access - 304 GET /home/js/base.js 1ms
[2016-06-04 13:50:33.742] [ERROR] access - 500 GET /news/0 73ms
[2016-06-04 13:50:34.109] [WARN] access - 304 GET /home/css/main.css 2ms
[2016-06-04 13:50:34.117] [WARN] access - 304 GET /home/js/base.js 1ms
[2016-06-04 13:50:34.835] [WARN] access - 304 GET /home/css/main.css 2ms
[2016-06-04 13:50:34.888] [WARN] access - 304 GET /home/js/base.js 1ms
[2016-06-04 13:53:11.324] [INFO] access - 200 GET /news/0 113ms
[2016-06-04 13:53:11.491] [WARN] access - 304 GET /home/css/main.css 5ms
[2016-06-04 13:53:11.546] [WARN] access - 304 GET /home/js/base.js 54ms
[2016-06-04 13:53:13.353] [WARN] access - 304 GET /home/css/main.css 1ms
[2016-06-04 13:53:14.082] [WARN] access - 304 GET /home/js/base.js 1ms
[2016-06-04 13:53:24.405] [WARN] access - 304 GET /news/0 83ms
[2016-06-04 13:53:24.697] [WARN] access - 304 GET /home/css/main.css 1ms
[2016-06-04 13:53:24.707] [WARN] access - 304 GET /home/js/base.js 1ms
[2016-06-04 13:53:25.465] [WARN] access - 304 GET /home/css/main.css 1ms
[2016-06-04 13:53:25.522] [WARN] access - 304 GET /home/js/base.js 0ms
[2016-06-04 13:53:26.894] [WARN] access - 304 GET /news/0 139ms
[2016-06-04 13:53:27.200] [WARN] access - 304 GET /home/css/main.css 3ms
[2016-06-04 13:53:27.227] [WARN] access - 304 GET /home/js/base.js 8ms
[2016-06-04 13:53:28.003] [WARN] access - 304 GET /home/css/main.css 4ms
[2016-06-04 13:53:28.047] [WARN] access - 304 GET /home/js/base.js 0ms
[2016-06-04 13:53:40.052] [INFO] access - 200 GET /news/0 53ms
[2016-06-04 13:53:40.216] [WARN] access - 304 GET /home/css/main.css 7ms
[2016-06-04 13:53:40.298] [WARN] access - 304 GET /home/js/base.js 4ms
[2016-06-04 13:53:40.959] [WARN] access - 304 GET /home/css/main.css 4ms
[2016-06-04 13:53:40.985] [WARN] access - 304 GET /home/js/base.js 0ms
[2016-06-04 13:54:17.663] [INFO] access - 200 GET /news/0 77ms
[2016-06-04 13:54:18.094] [WARN] access - 304 GET /home/css/main.css 3ms
[2016-06-04 13:54:18.105] [WARN] access - 304 GET /home/js/base.js 1ms
[2016-06-04 13:54:19.257] [WARN] access - 304 GET /home/css/main.css 0ms
[2016-06-04 13:54:19.305] [WARN] access - 304 GET /home/js/base.js 1ms
[2016-06-04 13:56:13.570] [ERROR] access - 500 GET /news/0 98ms
[2016-06-04 13:56:13.908] [WARN] access - 304 GET /home/css/main.css 5ms
[2016-06-04 13:56:13.914] [WARN] access - 304 GET /home/js/base.js 1ms
[2016-06-04 13:56:14.737] [WARN] access - 304 GET /home/css/main.css 2ms
[2016-06-04 13:56:14.896] [WARN] access - 304 GET /home/js/base.js 8ms
[2016-06-04 13:56:39.458] [ERROR] access - 500 GET /news/0 119ms
[2016-06-04 13:56:39.590] [WARN] access - 304 GET /home/css/main.css 2ms
[2016-06-04 13:56:39.622] [WARN] access - 304 GET /home/js/base.js 4ms
[2016-06-04 13:56:40.391] [WARN] access - 304 GET /home/css/main.css 1ms
[2016-06-04 13:56:40.446] [WARN] access - 304 GET /home/js/base.js 3ms
[2016-06-04 13:56:53.707] [ERROR] access - 500 GET /news/0 45ms
[2016-06-04 13:56:53.992] [WARN] access - 304 GET /home/css/main.css 1ms
[2016-06-04 13:56:54.003] [WARN] access - 304 GET /home/js/base.js 1ms
[2016-06-04 13:56:54.601] [WARN] access - 304 GET /home/css/main.css 1ms
[2016-06-04 13:56:54.636] [WARN] access - 304 GET /home/js/base.js 1ms
[2016-06-04 13:56:55.918] [ERROR] access - 500 GET /news/0 61ms
[2016-06-04 13:56:56.261] [WARN] access - 304 GET /home/css/main.css 3ms
[2016-06-04 13:56:56.273] [WARN] access - 304 GET /home/js/base.js 1ms
[2016-06-04 13:56:57.124] [WARN] access - 304 GET /home/css/main.css 2ms
[2016-06-04 13:56:57.166] [WARN] access - 304 GET /home/js/base.js 2ms
[2016-06-04 13:57:04.287] [ERROR] access - 500 GET /news/0 67ms
[2016-06-04 13:57:04.608] [WARN] access - 304 GET /home/css/main.css 1ms
[2016-06-04 13:57:04.617] [WARN] access - 304 GET /home/js/base.js 1ms
[2016-06-04 13:57:05.465] [WARN] access - 304 GET /home/css/main.css 2ms
[2016-06-04 13:57:05.515] [WARN] access - 304 GET /home/js/base.js 2ms
[2016-06-04 13:58:16.725] [ERROR] access - 500 GET /news/0 401ms
[2016-06-04 13:58:16.872] [WARN] access - 304 GET /home/css/main.css 8ms
[2016-06-04 13:58:16.885] [WARN] access - 304 GET /home/js/base.js 4ms
[2016-06-04 13:58:17.695] [WARN] access - 304 GET /home/css/main.css 3ms
[2016-06-04 13:58:17.728] [WARN] access - 304 GET /home/js/base.js 1ms
[2016-06-04 13:58:19.216] [ERROR] access - 500 GET /news/0 85ms
[2016-06-04 13:58:19.587] [WARN] access - 304 GET /home/css/main.css 2ms
[2016-06-04 13:58:19.622] [WARN] access - 304 GET /home/js/base.js 2ms
[2016-06-04 13:58:20.343] [WARN] access - 304 GET /home/css/main.css 2ms
[2016-06-04 13:58:20.394] [WARN] access - 304 GET /home/js/base.js 3ms
[2016-06-04 13:58:42.334] [ERROR] access - 500 GET /news/0 44ms
[2016-06-04 13:58:42.727] [WARN] access - 304 GET /home/css/main.css 2ms
[2016-06-04 13:58:42.733] [WARN] access - 304 GET /home/js/base.js 1ms
[2016-06-04 13:58:43.372] [WARN] access - 304 GET /home/css/main.css 1ms
[2016-06-04 13:58:43.418] [WARN] access - 304 GET /home/js/base.js 3ms
[2016-06-04 13:58:54.240] [ERROR] access - 500 GET /news/0 78ms
[2016-06-04 13:58:54.607] [WARN] access - 304 GET /home/css/main.css 1ms
[2016-06-04 13:58:54.630] [WARN] access - 304 GET /home/js/base.js 1ms
[2016-06-04 13:58:55.410] [WARN] access - 304 GET /home/css/main.css 2ms
[2016-06-04 13:58:55.453] [WARN] access - 304 GET /home/js/base.js 1ms
[2016-06-04 13:59:02.943] [INFO] access - 200 GET /news/0 47ms
[2016-06-04 13:59:03.201] [WARN] access - 304 GET /home/css/main.css 2ms
[2016-06-04 13:59:03.212] [WARN] access - 304 GET /home/js/base.js 1ms
[2016-06-04 13:59:03.930] [WARN] access - 304 GET /home/css/main.css 2ms
[2016-06-04 13:59:03.984] [WARN] access - 304 GET /home/js/base.js 1ms
[2016-06-04 13:59:17.564] [INFO] access - 200 GET /news/0 49ms
[2016-06-04 13:59:17.853] [WARN] access - 304 GET /home/css/main.css 1ms
[2016-06-04 13:59:17.861] [WARN] access - 304 GET /home/js/base.js 1ms
[2016-06-04 13:59:18.506] [WARN] access - 304 GET /home/css/main.css 2ms
[2016-06-04 13:59:18.607] [WARN] access - 304 GET /home/js/base.js 18ms
[2016-06-04 13:59:29.949] [WARN] access - 304 GET /news/0 60ms
[2016-06-04 13:59:30.247] [WARN] access - 304 GET /home/css/main.css 7ms
[2016-06-04 13:59:30.273] [WARN] access - 304 GET /home/js/base.js 2ms
[2016-06-04 13:59:31.005] [WARN] access - 304 GET /home/css/main.css 3ms
[2016-06-04 13:59:31.061] [WARN] access - 304 GET /home/js/base.js 3ms
[2016-06-04 14:00:08.172] [ERROR] access - 500 GET /news/0 76ms
[2016-06-04 14:00:08.561] [WARN] access - 304 GET /home/css/main.css 2ms
[2016-06-04 14:00:08.585] [WARN] access - 304 GET /home/js/base.js 1ms
[2016-06-04 14:00:09.534] [WARN] access - 304 GET /home/css/main.css 2ms
[2016-06-04 14:00:09.608] [WARN] access - 304 GET /home/js/base.js 2ms
[2016-06-04 14:00:55.537] [INFO] access - 200 GET /news/0 314ms
[2016-06-04 14:00:55.541] [WARN] access - 304 GET /home/css/main.css 1ms
[2016-06-04 14:00:55.546] [WARN] access - 304 GET /home/js/base.js 2ms
[2016-06-04 14:00:56.464] [WARN] access - 304 GET /home/css/main.css 2ms
[2016-06-04 14:00:56.543] [WARN] access - 304 GET /home/js/base.js 2ms
[2016-06-04 14:05:30.410] [ERROR] access - 500 GET /news/0 50ms
[2016-06-04 14:05:30.748] [WARN] access - 304 GET /home/css/main.css 0ms
[2016-06-04 14:05:30.756] [WARN] access - 304 GET /home/js/base.js 1ms
[2016-06-04 14:05:31.527] [WARN] access - 304 GET /home/css/main.css 1ms
[2016-06-04 14:05:31.624] [WARN] access - 304 GET /home/js/base.js 1ms
[2016-06-04 14:05:42.986] [INFO] access - 200 GET /news/0 51ms
[2016-06-04 14:05:43.233] [WARN] access - 304 GET /home/css/main.css 1ms
[2016-06-04 14:05:43.239] [WARN] access - 304 GET /home/js/base.js 0ms
[2016-06-04 14:05:44.335] [WARN] access - 304 GET /home/css/main.css 1ms
[2016-06-04 14:05:46.732] [WARN] access - 304 GET /home/js/base.js 0ms
[2016-06-04 14:06:28.552] [ERROR] access - 500 GET /news/0 198ms
[2016-06-04 14:06:28.757] [WARN] access - 304 GET /home/css/main.css 5ms
[2016-06-04 14:06:28.773] [WARN] access - 304 GET /home/js/base.js 1ms
[2016-06-04 14:06:29.474] [WARN] access - 304 GET /home/css/main.css 2ms
[2016-06-04 14:06:29.523] [WARN] access - 304 GET /home/js/base.js 1ms
[2016-06-04 14:06:46.987] [ERROR] access - 500 GET /news/0 44ms
[2016-06-04 14:06:47.339] [WARN] access - 304 GET /home/css/main.css 1ms
[2016-06-04 14:06:47.350] [WARN] access - 304 GET /home/js/base.js 1ms
[2016-06-04 14:06:48.191] [WARN] access - 304 GET /home/css/main.css 1ms
[2016-06-04 14:06:48.261] [WARN] access - 304 GET /home/js/base.js 1ms
[2016-06-04 14:06:54.172] [INFO] access - 200 GET /news/0 176ms
[2016-06-04 14:06:54.400] [WARN] access - 304 GET /home/css/main.css 5ms
[2016-06-04 14:06:54.426] [WARN] access - 304 GET /home/js/base.js 1ms
[2016-06-04 14:06:55.230] [WARN] access - 304 GET /home/css/main.css 1ms
[2016-06-04 14:06:55.352] [WARN] access - 304 GET /home/js/base.js 2ms
[2016-06-04 15:45:34.913] [INFO] access - 200 GET / 4500ms
[2016-06-04 15:45:35.418] [WARN] access - 304 GET /home/css/main.css 6ms
[2016-06-04 15:45:35.420] [WARN] access - 304 GET /home/js/base.js 5ms
[2016-06-04 15:45:36.821] [WARN] access - 304 GET /home/css/main.css 2ms
[2016-06-04 15:45:37.115] [WARN] access - 304 GET /home/js/base.js 1ms
[2016-06-04 15:45:41.140] [INFO] access - 200 GET /product 647ms
[2016-06-04 15:45:41.404] [WARN] access - 304 GET /home/css/main.css 3ms
[2016-06-04 15:45:41.415] [WARN] access - 304 GET /home/js/base.js 1ms
[2016-06-04 15:45:42.090] [WARN] access - 304 GET /home/css/main.css 2ms
[2016-06-04 15:45:42.135] [WARN] access - 304 GET /home/js/base.js 1ms
[2016-06-04 15:45:44.329] [WARN] access - 304 GET / 765ms
[2016-06-04 15:45:44.460] [WARN] access - 304 GET /home/css/main.css 2ms
[2016-06-04 15:45:44.461] [WARN] access - 304 GET /home/js/base.js 2ms
[2016-06-04 15:45:45.234] [WARN] access - 304 GET /home/css/main.css 2ms
[2016-06-04 15:45:45.298] [WARN] access - 304 GET /home/js/base.js 2ms
[2016-06-04 15:45:46.864] [WARN] access - 304 GET /product 706ms
[2016-06-04 15:45:47.140] [WARN] access - 304 GET /home/css/main.css 3ms
[2016-06-04 15:45:47.148] [WARN] access - 304 GET /home/js/base.js 0ms
[2016-06-04 15:45:47.660] [WARN] access - 304 GET /home/css/main.css 1ms
[2016-06-04 15:45:47.702] [WARN] access - 304 GET /home/js/base.js 1ms
[2016-06-04 15:45:49.406] [WARN] access - 304 GET / 869ms
[2016-06-04 15:45:49.682] [WARN] access - 304 GET /home/css/main.css 3ms
[2016-06-04 15:45:49.683] [WARN] access - 304 GET /home/js/base.js 2ms
[2016-06-04 15:45:50.760] [WARN] access - 304 GET /home/css/main.css 1ms
[2016-06-04 15:45:50.829] [WARN] access - 304 GET /home/js/base.js 1ms
[2016-06-04 16:00:02.545] [INFO] access - 200 GET /news 679ms
[2016-06-04 16:00:02.984] [WARN] access - 304 GET /home/css/main.css 2ms
[2016-06-04 16:00:02.992] [WARN] access - 304 GET /home/js/base.js 2ms
[2016-06-04 16:00:03.877] [WARN] access - 304 GET /home/css/main.css 1ms
[2016-06-04 16:00:03.931] [WARN] access - 304 GET /home/js/base.js 1ms
[2016-06-04 16:00:14.651] [INFO] access - 200 GET /news 239ms
[2016-06-04 16:00:14.943] [WARN] access - 304 GET /home/css/main.css 1ms
[2016-06-04 16:00:14.957] [WARN] access - 304 GET /home/js/base.js 1ms
[2016-06-04 16:00:15.708] [WARN] access - 304 GET /home/css/main.css 1ms
[2016-06-04 16:00:15.765] [WARN] access - 304 GET /home/js/base.js 2ms
[2016-06-04 16:00:36.662] [INFO] access - 200 GET /news 366ms
[2016-06-04 16:00:36.925] [WARN] access - 304 GET /home/css/main.css 5ms
[2016-06-04 16:00:36.928] [WARN] access - 304 GET /home/js/base.js 2ms
[2016-06-04 16:00:37.562] [WARN] access - 304 GET /home/css/main.css 1ms
[2016-06-04 16:00:37.608] [WARN] access - 304 GET /home/js/base.js 1ms
[2016-06-04 16:01:09.799] [INFO] access - 200 GET /news 415ms
[2016-06-04 16:01:10.020] [WARN] access - 304 GET /home/css/main.css 7ms
[2016-06-04 16:01:10.027] [WARN] access - 304 GET /home/js/base.js 13ms
[2016-06-04 16:01:10.781] [WARN] access - 304 GET /home/css/main.css 4ms
[2016-06-04 16:01:10.905] [WARN] access - 304 GET /home/js/base.js 2ms
[2016-06-04 16:02:38.766] [INFO] access - 200 GET /news 314ms
[2016-06-04 16:02:39.078] [WARN] access - 304 GET /home/css/main.css 2ms
[2016-06-04 16:02:39.084] [WARN] access - 304 GET /home/js/base.js 0ms
[2016-06-04 16:02:39.800] [WARN] access - 304 GET /home/css/main.css 1ms
[2016-06-04 16:02:39.857] [WARN] access - 304 GET /home/js/base.js 0ms
[2016-06-04 16:05:14.018] [ERROR] access - 500 GET /news 359ms
[2016-06-04 16:05:24.243] [ERROR] access - 500 GET /news 374ms
[2016-06-04 16:05:51.916] [INFO] access - 200 GET /news 468ms
[2016-06-04 16:05:52.240] [WARN] access - 304 GET /home/css/main.css 4ms
[2016-06-04 16:05:52.252] [WARN] access - 304 GET /home/js/base.js 1ms
[2016-06-04 16:05:53.031] [WARN] access - 304 GET /home/css/main.css 1ms
[2016-06-04 16:05:53.063] [WARN] access - 304 GET /home/js/base.js 0ms
[2016-06-04 16:21:53.864] [INFO] access - 200 GET /news 450ms
[2016-06-04 16:21:54.216] [WARN] access - 304 GET /home/css/main.css 1ms
[2016-06-04 16:21:54.238] [WARN] access - 304 GET /home/js/base.js 2ms
[2016-06-04 16:21:54.959] [WARN] access - 304 GET /home/css/main.css 5ms
[2016-06-04 16:21:55.013] [WARN] access - 304 GET /home/js/base.js 1ms
[2016-06-04 16:22:25.585] [ERROR] access - 500 GET /news 106ms
[2016-06-04 16:22:35.111] [ERROR] access - 500 GET /news 283ms
[2016-06-04 16:23:16.421] [ERROR] access - 500 GET /news 138ms
[2016-06-04 16:23:33.012] [INFO] access - 200 GET /news 580ms
[2016-06-04 16:23:33.152] [WARN] access - 304 GET /home/css/main.css 11ms
[2016-06-04 16:23:33.170] [WARN] access - 304 GET /home/js/base.js 2ms
[2016-06-04 16:23:34.024] [WARN] access - 304 GET /home/css/main.css 2ms
[2016-06-04 16:23:34.095] [WARN] access - 304 GET /home/js/base.js 2ms
[2016-06-04 16:47:58.966] [INFO] access - 200 GET /news 504ms
[2016-06-04 16:47:59.319] [WARN] access - 304 GET /home/css/main.css 1ms
[2016-06-04 16:47:59.333] [WARN] access - 304 GET /home/js/base.js 1ms
[2016-06-04 16:48:00.488] [WARN] access - 304 GET /home/css/main.css 2ms
[2016-06-04 16:48:00.543] [WARN] access - 304 GET /home/js/base.js 2ms
[2016-06-04 16:48:41.240] [INFO] access - 200 GET /news 539ms
[2016-06-04 16:48:41.632] [WARN] access - 304 GET /home/css/main.css 3ms
[2016-06-04 16:48:41.650] [WARN] access - 304 GET /home/js/base.js 1ms
[2016-06-04 16:48:42.706] [WARN] access - 304 GET /home/css/main.css 1ms
[2016-06-04 16:48:42.748] [WARN] access - 304 GET /home/js/base.js 2ms
[2016-06-04 16:49:12.696] [INFO] access - 200 GET /news 566ms
[2016-06-04 16:49:12.963] [WARN] access - 304 GET /home/css/main.css 2ms
[2016-06-04 16:49:12.988] [WARN] access - 304 GET /home/js/base.js 1ms
[2016-06-04 16:49:13.837] [WARN] access - 304 GET /home/css/main.css 1ms
[2016-06-04 16:49:13.881] [WARN] access - 304 GET /home/js/base.js 1ms
[2016-06-04 16:53:36.619] [INFO] access - 200 GET /news 430ms
[2016-06-04 16:53:36.796] [WARN] access - 304 GET /home/css/main.css 21ms
[2016-06-04 16:53:36.828] [WARN] access - 304 GET /home/js/base.js 30ms
[2016-06-04 16:53:37.753] [WARN] access - 304 GET /home/css/main.css 2ms
[2016-06-04 16:53:37.810] [WARN] access - 304 GET /home/js/base.js 1ms
[2016-06-04 16:54:48.597] [WARN] access - 304 GET /news 406ms
[2016-06-04 16:54:48.811] [WARN] access - 304 GET /home/css/main.css 4ms
[2016-06-04 16:54:48.814] [WARN] access - 304 GET /home/js/base.js 7ms
[2016-06-04 16:54:50.558] [WARN] access - 304 GET /home/css/main.css 1ms
[2016-06-04 16:54:51.448] [WARN] access - 304 GET /home/js/base.js 0ms
[2016-06-04 16:55:33.451] [INFO] access - 200 GET /news 426ms
[2016-06-04 16:55:33.621] [WARN] access - 304 GET /home/css/main.css 2ms
[2016-06-04 16:55:33.624] [WARN] access - 304 GET /home/js/base.js 4ms
[2016-06-04 16:55:35.136] [WARN] access - 304 GET /home/css/main.css 0ms
[2016-06-04 16:55:35.177] [WARN] access - 304 GET /home/js/base.js 1ms
[2016-06-04 16:56:17.776] [INFO] access - 200 GET /news 471ms
[2016-06-04 16:56:18.023] [WARN] access - 304 GET /home/css/main.css 6ms
[2016-06-04 16:56:18.030] [WARN] access - 304 GET /home/js/base.js 1ms
[2016-06-04 16:56:18.592] [WARN] access - 304 GET /home/css/main.css 1ms
[2016-06-04 16:56:18.668] [WARN] access - 304 GET /home/js/base.js 1ms
[2016-06-04 16:56:57.355] [INFO] access - 200 GET /news 439ms
[2016-06-04 16:56:57.547] [WARN] access - 304 GET /home/css/main.css 11ms
[2016-06-04 16:56:57.548] [WARN] access - 304 GET /home/js/base.js 10ms
[2016-06-04 16:56:58.288] [WARN] access - 304 GET /home/css/main.css 2ms
[2016-06-04 16:56:58.365] [WARN] access - 304 GET /home/js/base.js 2ms
[2016-06-04 17:04:37.135] [ERROR] access - 500 GET /news 406ms
[2016-06-04 17:05:18.709] [ERROR] access - 500 GET /news 594ms
[2016-06-04 17:06:24.094] [ERROR] access - 500 GET /news 519ms
[2016-06-04 17:06:56.135] [ERROR] access - 500 GET /news 435ms
[2016-06-04 17:07:09.820] [ERROR] access - 500 GET /news 307ms
[2016-06-04 17:07:24.057] [ERROR] access - 500 GET /news 439ms
[2016-06-04 17:07:31.376] [INFO] access - 200 GET /news 294ms
[2016-06-04 17:07:31.722] [WARN] access - 304 GET /home/css/main.css 6ms
[2016-06-04 17:07:31.739] [WARN] access - 304 GET /home/js/base.js 3ms
[2016-06-04 17:07:32.984] [WARN] access - 304 GET /home/css/main.css 2ms
[2016-06-04 17:07:33.025] [WARN] access - 304 GET /home/js/base.js 3ms
[2016-06-04 17:08:13.471] [INFO] access - 200 GET /news 456ms
[2016-06-04 17:08:13.655] [WARN] access - 304 GET /home/css/main.css 5ms
[2016-06-04 17:08:13.661] [WARN] access - 304 GET /home/js/base.js 3ms
[2016-06-04 17:08:14.731] [WARN] access - 304 GET /home/css/main.css 3ms
[2016-06-04 17:08:14.803] [WARN] access - 304 GET /home/js/base.js 1ms
[2016-06-04 17:08:30.061] [INFO] access - 200 GET /news 334ms
[2016-06-04 17:08:30.306] [WARN] access - 304 GET /home/css/main.css 3ms
[2016-06-04 17:08:30.307] [WARN] access - 304 GET /home/js/base.js 3ms
[2016-06-04 17:08:31.127] [WARN] access - 304 GET /home/css/main.css 2ms
[2016-06-04 17:08:31.161] [WARN] access - 304 GET /home/js/base.js 1ms
[2016-06-04 17:08:36.734] [INFO] access - 200 GET /news/0 411ms
[2016-06-04 17:08:37.326] [WARN] access - 304 GET /news/0 374ms
[2016-06-04 17:08:37.675] [INFO] access - 200 GET /home/css/main.css 103ms
[2016-06-04 17:08:37.686] [INFO] access - 200 GET /home/js/base.js 76ms
[2016-06-04 17:08:38.401] [WARN] access - 304 GET /home/css/main.css 2ms
[2016-06-04 17:08:38.450] [WARN] access - 304 GET /home/js/base.js 1ms
[2016-06-04 17:08:41.745] [WARN] access - 304 GET /news/0 409ms
[2016-06-04 17:08:42.039] [WARN] access - 304 GET /home/css/main.css 6ms
[2016-06-04 17:08:42.042] [WARN] access - 304 GET /home/js/base.js 5ms
[2016-06-04 17:08:42.658] [WARN] access - 304 GET /home/css/main.css 1ms
[2016-06-04 17:08:42.721] [WARN] access - 304 GET /home/js/base.js 2ms
[2016-06-04 17:08:50.911] [INFO] access - 200 GET /news/0 379ms
[2016-06-04 17:08:51.176] [WARN] access - 304 GET /home/css/main.css 1ms
[2016-06-04 17:08:51.205] [WARN] access - 304 GET /home/js/base.js 1ms
[2016-06-04 17:08:51.877] [WARN] access - 304 GET /home/css/main.css 1ms
[2016-06-04 17:08:51.988] [WARN] access - 304 GET /home/js/base.js 0ms
[2016-06-04 17:08:56.721] [INFO] access - 200 GET /news/0 429ms
[2016-06-04 17:08:57.023] [WARN] access - 304 GET /home/css/main.css 6ms
[2016-06-04 17:08:57.027] [WARN] access - 304 GET /home/js/base.js 5ms
[2016-06-04 17:08:57.927] [WARN] access - 304 GET /home/css/main.css 2ms
[2016-06-04 17:08:57.992] [WARN] access - 304 GET /home/js/base.js 1ms
[2016-06-04 17:09:49.957] [INFO] access - 200 GET /news/0 435ms
[2016-06-04 17:09:50.168] [WARN] access - 304 GET /home/css/main.css 7ms
[2016-06-04 17:09:50.178] [WARN] access - 304 GET /home/js/base.js 16ms
[2016-06-04 17:09:50.879] [WARN] access - 304 GET /home/css/main.css 1ms
[2016-06-04 17:09:50.993] [WARN] access - 304 GET /home/js/base.js 1ms
[2016-06-04 17:10:43.941] [ERROR] access - 500 GET /news/0 604ms
[2016-06-04 17:11:16.559] [ERROR] access - 500 GET /news/0 411ms
[2016-06-04 17:11:41.159] [ERROR] access - 500 GET /news/0 344ms
[2016-06-04 17:11:55.988] [INFO] access - 200 GET /news/0 269ms
[2016-06-04 17:11:56.366] [WARN] access - 304 GET /home/css/main.css 1ms
[2016-06-04 17:11:56.415] [WARN] access - 304 GET /home/js/base.js 2ms
[2016-06-04 17:11:57.090] [WARN] access - 304 GET /home/css/main.css 4ms
[2016-06-04 17:11:57.127] [WARN] access - 304 GET /home/js/base.js 2ms
[2016-06-04 17:12:07.817] [WARN] access - 304 GET /news/0 543ms
[2016-06-04 17:12:08.071] [WARN] access - 304 GET /home/css/main.css 5ms
[2016-06-04 17:12:08.079] [WARN] access - 304 GET /home/js/base.js 3ms
[2016-06-04 17:12:09.101] [WARN] access - 304 GET /home/css/main.css 1ms
[2016-06-04 17:12:09.462] [WARN] access - 304 GET /home/js/base.js 1ms
[2016-06-04 17:12:26.047] [WARN] access - 304 GET /news/0 492ms
[2016-06-04 17:12:26.325] [WARN] access - 304 GET /home/css/main.css 2ms
[2016-06-04 17:12:26.332] [WARN] access - 304 GET /home/js/base.js 1ms
[2016-06-04 17:12:27.077] [WARN] access - 304 GET /home/css/main.css 2ms
[2016-06-04 17:12:27.115] [WARN] access - 304 GET /home/js/base.js 1ms
[2016-06-04 17:12:29.166] [WARN] access - 304 GET /news/0 479ms
[2016-06-04 17:12:29.410] [WARN] access - 304 GET /home/css/main.css 2ms
[2016-06-04 17:12:29.422] [WARN] access - 304 GET /home/js/base.js 11ms
[2016-06-04 17:12:30.044] [WARN] access - 304 GET /home/css/main.css 2ms
[2016-06-04 17:12:30.087] [WARN] access - 304 GET /home/js/base.js 3ms
[2016-06-04 17:12:33.418] [WARN] access - 304 GET /news/0 476ms
[2016-06-04 17:12:33.630] [WARN] access - 304 GET /home/css/main.css 1ms
[2016-06-04 17:12:33.631] [WARN] access - 304 GET /home/js/base.js 1ms
[2016-06-04 17:12:34.256] [WARN] access - 304 GET /home/css/main.css 4ms
[2016-06-04 17:12:34.317] [WARN] access - 304 GET /home/js/base.js 1ms
[2016-06-04 17:12:36.397] [WARN] access - 304 GET /news/0 405ms
[2016-06-04 17:12:36.600] [WARN] access - 304 GET /home/css/main.css 3ms
[2016-06-04 17:12:36.601] [WARN] access - 304 GET /home/js/base.js 3ms
[2016-06-04 17:12:37.109] [WARN] access - 304 GET /home/css/main.css 2ms
[2016-06-04 17:12:37.142] [WARN] access - 304 GET /home/js/base.js 1ms
[2016-06-04 17:13:10.011] [INFO] access - 200 GET /news/0 440ms
[2016-06-04 17:13:10.311] [WARN] access - 304 GET /home/css/main.css 1ms
[2016-06-04 17:13:10.324] [WARN] access - 304 GET /home/js/base.js 1ms
[2016-06-04 17:13:10.979] [WARN] access - 304 GET /home/css/main.css 3ms
[2016-06-04 17:13:11.096] [WARN] access - 304 GET /home/js/base.js 1ms
[2016-06-04 17:13:12.802] [INFO] access - 200 GET /news/1 584ms
[2016-06-04 17:13:13.034] [WARN] access - 304 GET /home/css/main.css 2ms
[2016-06-04 17:13:13.052] [WARN] access - 304 GET /home/js/base.js 19ms
[2016-06-04 17:13:13.879] [WARN] access - 304 GET /home/css/main.css 2ms
[2016-06-04 17:13:13.915] [WARN] access - 304 GET /home/js/base.js 1ms
[2016-06-04 17:13:15.325] [INFO] access - 200 GET /news/2 902ms
[2016-06-04 17:13:15.608] [WARN] access - 304 GET /home/css/main.css 2ms
[2016-06-04 17:13:15.612] [WARN] access - 304 GET /home/js/base.js 2ms
[2016-06-04 17:13:16.313] [WARN] access - 304 GET /home/css/main.css 1ms
[2016-06-04 17:13:16.367] [WARN] access - 304 GET /home/js/base.js 1ms
[2016-06-04 17:13:18.564] [WARN] access - 304 GET /news/1 653ms
[2016-06-04 17:13:18.958] [WARN] access - 304 GET /home/css/main.css 1ms
[2016-06-04 17:13:18.965] [WARN] access - 304 GET /home/js/base.js 3ms
[2016-06-04 17:13:19.628] [WARN] access - 304 GET /home/css/main.css 3ms
[2016-06-04 17:13:19.688] [WARN] access - 304 GET /home/js/base.js 1ms
[2016-06-04 17:13:21.441] [WARN] access - 304 GET /news/0 655ms
[2016-06-04 17:13:21.695] [WARN] access - 304 GET /home/css/main.css 4ms
[2016-06-04 17:13:21.701] [WARN] access - 304 GET /home/js/base.js 8ms
[2016-06-04 17:13:22.332] [WARN] access - 304 GET /home/css/main.css 0ms
[2016-06-04 17:13:22.376] [WARN] access - 304 GET /home/js/base.js 1ms
[2016-06-04 17:13:23.758] [WARN] access - 304 GET /news/1 566ms
[2016-06-04 17:13:24.003] [WARN] access - 304 GET /home/css/main.css 6ms
[2016-06-04 17:13:24.006] [WARN] access - 304 GET /home/js/base.js 7ms
[2016-06-04 17:13:24.651] [WARN] access - 304 GET /home/css/main.css 16ms
[2016-06-04 17:13:24.739] [WARN] access - 304 GET /home/js/base.js 2ms
[2016-06-04 17:13:26.135] [WARN] access - 304 GET /news/2 575ms
[2016-06-04 17:13:26.452] [WARN] access - 304 GET /home/css/main.css 8ms
[2016-06-04 17:13:26.457] [WARN] access - 304 GET /home/js/base.js 11ms
[2016-06-04 17:13:27.113] [WARN] access - 304 GET /home/css/main.css 1ms
[2016-06-04 17:13:27.165] [WARN] access - 304 GET /home/js/base.js 1ms
[2016-06-04 17:13:28.733] [WARN] access - 304 GET /news/0 696ms
[2016-06-04 17:13:28.925] [WARN] access - 304 GET /home/css/main.css 5ms
[2016-06-04 17:13:28.927] [WARN] access - 304 GET /home/js/base.js 10ms
[2016-06-04 17:13:29.503] [WARN] access - 304 GET /home/css/main.css 1ms
[2016-06-04 17:13:29.565] [WARN] access - 304 GET /home/js/base.js 1ms
[2016-06-04 17:13:30.708] [WARN] access - 304 GET /news/1 481ms
[2016-06-04 17:13:30.981] [WARN] access - 304 GET /home/css/main.css 8ms
[2016-06-04 17:13:30.982] [WARN] access - 304 GET /home/js/base.js 2ms
[2016-06-04 17:13:31.561] [WARN] access - 304 GET /home/css/main.css 2ms
[2016-06-04 17:13:31.621] [WARN] access - 304 GET /home/js/base.js 1ms
[2016-06-04 17:13:33.427] [WARN] access - 304 GET /news/2 460ms
[2016-06-04 17:13:33.647] [WARN] access - 304 GET /home/css/main.css 1ms
[2016-06-04 17:13:33.649] [WARN] access - 304 GET /home/js/base.js 1ms
[2016-06-04 17:13:34.370] [WARN] access - 304 GET /home/css/main.css 1ms
[2016-06-04 17:13:34.418] [WARN] access - 304 GET /home/js/base.js 1ms
[2016-06-04 17:14:56.068] [ERROR] access - 500 GET /news/2 437ms
[2016-06-04 17:15:23.780] [INFO] access - 200 GET /news/2 367ms
[2016-06-04 17:15:24.020] [WARN] access - 304 GET /home/css/main.css 3ms
[2016-06-04 17:15:24.023] [WARN] access - 304 GET /home/js/base.js 5ms
[2016-06-04 17:15:24.957] [WARN] access - 304 GET /home/css/main.css 2ms
[2016-06-04 17:15:25.016] [WARN] access - 304 GET /home/js/base.js 5ms
[2016-06-04 17:15:37.233] [WARN] access - 304 GET /news/2 405ms
[2016-06-04 17:15:37.464] [WARN] access - 304 GET /home/css/main.css 3ms
[2016-06-04 17:15:37.465] [WARN] access - 304 GET /home/js/base.js 2ms
[2016-06-04 17:15:38.022] [WARN] access - 304 GET /home/css/main.css 1ms
[2016-06-04 17:15:38.143] [WARN] access - 304 GET /home/js/base.js 1ms
[2016-06-04 17:15:48.610] [INFO] access - 200 GET /news/0 422ms
[2016-06-04 17:15:48.830] [WARN] access - 304 GET /home/css/main.css 3ms
[2016-06-04 17:15:48.832] [WARN] access - 304 GET /home/js/base.js 2ms
[2016-06-04 17:15:49.322] [WARN] access - 304 GET /home/css/main.css 1ms
[2016-06-04 17:15:49.402] [WARN] access - 304 GET /home/js/base.js 1ms
[2016-06-04 17:16:21.186] [INFO] access - 200 GET /news/0 518ms
[2016-06-04 17:16:21.481] [WARN] access - 304 GET /home/css/main.css 1ms
[2016-06-04 17:16:21.492] [WARN] access - 304 GET /home/js/base.js 1ms
[2016-06-04 17:16:22.222] [WARN] access - 304 GET /home/css/main.css 2ms
[2016-06-04 17:16:22.323] [WARN] access - 304 GET /home/js/base.js 4ms
[2016-06-04 17:16:32.806] [INFO] access - 200 GET /news/0 449ms
[2016-06-04 17:16:33.055] [WARN] access - 304 GET /home/css/main.css 3ms
[2016-06-04 17:16:33.057] [WARN] access - 304 GET /home/js/base.js 6ms
[2016-06-04 17:16:33.768] [WARN] access - 304 GET /home/css/main.css 1ms
[2016-06-04 17:16:33.824] [WARN] access - 304 GET /home/js/base.js 1ms
[2016-06-04 17:17:05.474] [INFO] access - 200 GET /news/0 414ms
[2016-06-04 17:17:05.670] [WARN] access - 304 GET /home/css/main.css 3ms
[2016-06-04 17:17:05.681] [WARN] access - 304 GET /home/js/base.js 13ms
[2016-06-04 17:17:06.414] [WARN] access - 304 GET /home/css/main.css 1ms
[2016-06-04 17:17:06.472] [WARN] access - 304 GET /home/js/base.js 1ms
[2016-06-04 17:17:12.655] [INFO] access - 200 GET /news/0 399ms
[2016-06-04 17:17:12.930] [WARN] access - 304 GET /home/css/main.css 2ms
[2016-06-04 17:17:12.939] [WARN] access - 304 GET /home/js/base.js 1ms
[2016-06-04 17:17:13.687] [WARN] access - 304 GET /home/css/main.css 0ms
[2016-06-04 17:17:13.741] [WARN] access - 304 GET /home/js/base.js 1ms
[2016-06-04 17:17:41.140] [WARN] access - 304 GET /news/0 359ms
[2016-06-04 17:17:41.360] [WARN] access - 304 GET /home/css/main.css 7ms
[2016-06-04 17:17:41.418] [WARN] access - 304 GET /home/js/base.js 6ms
[2016-06-04 17:17:42.192] [WARN] access - 304 GET /home/css/main.css 1ms
[2016-06-04 17:17:42.244] [WARN] access - 304 GET /home/js/base.js 3ms
[2016-06-04 17:17:50.576] [INFO] access - 200 GET /news/0 412ms
[2016-06-04 17:17:50.874] [WARN] access - 304 GET /home/css/main.css 2ms
[2016-06-04 17:17:50.879] [WARN] access - 304 GET /home/js/base.js 1ms
[2016-06-04 17:17:51.556] [WARN] access - 304 GET /home/css/main.css 1ms
[2016-06-04 17:17:51.630] [WARN] access - 304 GET /home/js/base.js 1ms
