[2016-06-06 08:22:56.572] [WARN] access - 304 GET /home/css/main.css 18ms
[2016-06-06 08:22:56.617] [WARN] access - 304 GET /home/js/base.js 5ms
[2016-06-06 08:23:03.243] [WARN] access - 304 GET /home/css/main.css 3ms
[2016-06-06 08:25:15.495] [ERROR] access - 404 GET /news/1/46 2035ms
[2016-06-06 08:25:20.610] [WARN] access - 304 GET /home/css/main.css 5ms
[2016-06-06 08:25:20.666] [WARN] access - 304 GET /home/js/base.js 1ms
[2016-06-06 08:27:14.949] [ERROR] access - 500 GET /news/1/46 30312ms
[2016-06-06 08:28:17.895] [INFO] access - 200 GET /news/1/46 332ms
[2016-06-06 08:28:18.183] [WARN] access - 304 GET /home/css/main.css 2ms
[2016-06-06 08:28:18.192] [WARN] access - 304 GET /home/js/base.js 1ms
[2016-06-06 08:28:19.488] [WARN] access - 304 GET /home/css/main.css 1ms
[2016-06-06 08:28:19.807] [WARN] access - 304 GET /home/js/base.js 2ms
[2016-06-06 08:28:33.222] [INFO] access - 200 GET /news/1/46 214ms
[2016-06-06 08:28:33.468] [WARN] access - 304 GET /home/css/main.css 1ms
[2016-06-06 08:28:33.507] [WARN] access - 304 GET /home/js/base.js 2ms
[2016-06-06 08:28:34.624] [WARN] access - 304 GET /home/css/main.css 1ms
[2016-06-06 08:28:34.769] [WARN] access - 304 GET /home/js/base.js 2ms
[2016-06-06 08:29:02.205] [INFO] access - 200 GET /news/1/46 211ms
[2016-06-06 08:29:02.379] [WARN] access - 304 GET /home/css/main.css 5ms
[2016-06-06 08:29:02.380] [WARN] access - 304 GET /home/js/base.js 4ms
[2016-06-06 08:29:03.680] [WARN] access - 304 GET /home/css/main.css 1ms
[2016-06-06 08:29:03.877] [WARN] access - 304 GET /home/js/base.js 1ms
[2016-06-06 08:29:15.791] [INFO] access - 200 GET /news/1/46 167ms
[2016-06-06 08:29:16.141] [WARN] access - 304 GET /home/css/main.css 10ms
[2016-06-06 08:29:16.149] [WARN] access - 304 GET /home/js/base.js 2ms
[2016-06-06 08:29:17.502] [WARN] access - 304 GET /home/css/main.css 0ms
[2016-06-06 08:29:17.681] [WARN] access - 304 GET /home/js/base.js 1ms
[2016-06-06 08:29:36.021] [INFO] access - 200 GET /news/1/46 115ms
[2016-06-06 08:29:36.396] [WARN] access - 304 GET /home/css/main.css 1ms
[2016-06-06 08:29:36.411] [WARN] access - 304 GET /home/js/base.js 2ms
[2016-06-06 08:29:37.476] [WARN] access - 304 GET /home/css/main.css 0ms
[2016-06-06 08:29:37.802] [WARN] access - 304 GET /home/js/base.js 6ms
[2016-06-06 08:30:36.714] [INFO] access - 200 GET /news/1/46 133ms
[2016-06-06 08:30:37.069] [WARN] access - 304 GET /home/css/main.css 4ms
[2016-06-06 08:30:37.087] [WARN] access - 304 GET /home/js/base.js 1ms
[2016-06-06 08:30:38.106] [WARN] access - 304 GET /home/css/main.css 2ms
[2016-06-06 08:30:38.360] [WARN] access - 304 GET /home/js/base.js 0ms
[2016-06-06 08:31:18.312] [INFO] access - 200 GET /news/1/46 110ms
[2016-06-06 08:31:18.697] [WARN] access - 304 GET /home/css/main.css 1ms
[2016-06-06 08:31:18.725] [WARN] access - 304 GET /home/js/base.js 2ms
[2016-06-06 08:31:20.255] [WARN] access - 304 GET /home/css/main.css 3ms
[2016-06-06 08:31:20.394] [WARN] access - 304 GET /home/js/base.js 2ms
[2016-06-06 08:34:24.796] [INFO] access - 200 GET /news/1/46 128ms
[2016-06-06 08:34:25.045] [WARN] access - 304 GET /home/css/main.css 3ms
[2016-06-06 08:34:25.051] [WARN] access - 304 GET /home/js/base.js 2ms
[2016-06-06 08:34:26.185] [WARN] access - 304 GET /home/css/main.css 2ms
[2016-06-06 08:34:26.338] [WARN] access - 304 GET /home/js/base.js 1ms
[2016-06-06 08:34:37.538] [WARN] access - 304 GET /news/2 330ms
[2016-06-06 08:34:37.712] [WARN] access - 304 GET /home/css/main.css 6ms
[2016-06-06 08:34:37.713] [WARN] access - 304 GET /home/js/base.js 3ms
[2016-06-06 08:34:38.127] [WARN] access - 304 GET /home/css/main.css 3ms
[2016-06-06 08:34:38.179] [WARN] access - 304 GET /home/js/base.js 2ms
[2016-06-06 08:34:39.074] [WARN] access - 304 GET /news/1 254ms
[2016-06-06 08:34:39.207] [WARN] access - 304 GET /home/css/main.css 4ms
[2016-06-06 08:34:39.214] [WARN] access - 304 GET /home/js/base.js 7ms
[2016-06-06 08:34:39.604] [WARN] access - 304 GET /home/css/main.css 1ms
[2016-06-06 08:34:39.639] [WARN] access - 304 GET /home/js/base.js 1ms
[2016-06-06 08:34:40.463] [INFO] access - 200 GET /news/0 252ms
[2016-06-06 08:34:40.575] [WARN] access - 304 GET /home/css/main.css 8ms
[2016-06-06 08:34:40.587] [WARN] access - 304 GET /home/js/base.js 16ms
[2016-06-06 08:34:41.057] [WARN] access - 304 GET /home/css/main.css 2ms
[2016-06-06 08:34:41.102] [WARN] access - 304 GET /home/js/base.js 1ms
[2016-06-06 08:34:41.866] [INFO] access - 200 GET /news/0/47 122ms
[2016-06-06 08:34:41.954] [WARN] access - 304 GET /home/css/main.css 8ms
[2016-06-06 08:34:41.961] [WARN] access - 304 GET /home/js/base.js 12ms
[2016-06-06 08:34:42.623] [WARN] access - 304 GET /home/css/main.css 3ms
[2016-06-06 08:34:42.710] [WARN] access - 304 GET /home/js/base.js 1ms
[2016-06-06 08:34:46.041] [INFO] access - 200 GET /about 99ms
[2016-06-06 08:34:46.103] [WARN] access - 304 GET /home/css/main.css 3ms
[2016-06-06 08:34:46.104] [WARN] access - 304 GET /home/js/base.js 2ms
[2016-06-06 08:34:46.403] [WARN] access - 304 GET /home/css/main.css 0ms
[2016-06-06 08:34:46.467] [WARN] access - 304 GET /home/js/base.js 0ms
[2016-06-06 08:34:47.222] [INFO] access - 200 GET /join 66ms
[2016-06-06 08:34:47.298] [WARN] access - 304 GET /home/css/main.css 3ms
[2016-06-06 08:34:47.299] [WARN] access - 304 GET /home/js/base.js 2ms
[2016-06-06 08:34:47.937] [WARN] access - 304 GET /home/css/main.css 2ms
[2016-06-06 08:34:48.008] [WARN] access - 304 GET /home/js/base.js 0ms
[2016-06-06 08:34:48.678] [INFO] access - 200 GET / 105ms
[2016-06-06 08:34:48.741] [WARN] access - 304 GET /home/css/main.css 1ms
[2016-06-06 08:34:48.744] [WARN] access - 304 GET /home/js/base.js 1ms
[2016-06-06 08:34:49.293] [WARN] access - 304 GET /home/css/main.css 3ms
[2016-06-06 08:34:49.355] [WARN] access - 304 GET /home/js/base.js 0ms
[2016-06-06 08:34:52.893] [INFO] access - 200 GET /news 158ms
[2016-06-06 08:34:53.088] [WARN] access - 304 GET /home/css/main.css 0ms
[2016-06-06 08:34:53.089] [WARN] access - 304 GET /home/js/base.js 1ms
[2016-06-06 08:34:53.536] [WARN] access - 304 GET /home/css/main.css 2ms
[2016-06-06 08:34:53.587] [WARN] access - 304 GET /home/js/base.js 1ms
[2016-06-06 08:34:54.345] [WARN] access - 304 GET /news/1 109ms
[2016-06-06 08:34:54.523] [WARN] access - 304 GET /home/css/main.css 0ms
[2016-06-06 08:34:54.536] [WARN] access - 304 GET /home/js/base.js 0ms
[2016-06-06 08:34:54.924] [WARN] access - 304 GET /home/css/main.css 1ms
[2016-06-06 08:34:54.957] [WARN] access - 304 GET /home/js/base.js 1ms
[2016-06-06 11:05:17.252] [WARN] access - 304 GET / 157ms
[2016-06-06 11:05:17.518] [WARN] access - 304 GET /home/css/main.css 3ms
[2016-06-06 11:05:17.519] [WARN] access - 304 GET /home/js/base.js 3ms
[2016-06-06 11:05:18.541] [WARN] access - 304 GET /home/css/main.css 1ms
[2016-06-06 11:05:18.618] [WARN] access - 304 GET /home/js/base.js 2ms
[2016-06-06 11:05:23.397] [INFO] access - 200 GET /product 122ms
[2016-06-06 11:05:23.488] [WARN] access - 304 GET /home/css/main.css 1ms
[2016-06-06 11:05:23.494] [WARN] access - 304 GET /home/js/base.js 2ms
[2016-06-06 11:05:23.926] [WARN] access - 304 GET /home/css/main.css 1ms
[2016-06-06 11:05:23.981] [WARN] access - 304 GET /home/js/base.js 1ms
[2016-06-06 11:05:24.652] [INFO] access - 200 GET /facilitator 70ms
[2016-06-06 11:05:24.708] [WARN] access - 304 GET /home/css/main.css 2ms
[2016-06-06 11:05:24.725] [WARN] access - 304 GET /home/js/base.js 2ms
[2016-06-06 11:05:25.211] [WARN] access - 304 GET /home/css/main.css 1ms
[2016-06-06 11:05:25.240] [WARN] access - 304 GET /home/js/base.js 2ms
[2016-06-06 11:06:13.048] [WARN] access - 304 GET /home/css/main.css 20ms
[2016-06-06 11:06:13.078] [WARN] access - 304 GET /home/js/base.js 3ms
[2016-06-06 11:06:23.199] [WARN] access - 304 GET /product 601ms
[2016-06-06 11:06:23.349] [WARN] access - 304 GET /home/css/main.css 4ms
[2016-06-06 11:06:23.355] [WARN] access - 304 GET /home/js/base.js 4ms
[2016-06-06 11:06:23.785] [WARN] access - 304 GET /home/css/main.css 1ms
[2016-06-06 11:06:23.825] [WARN] access - 304 GET /home/js/base.js 3ms
[2016-06-06 11:07:48.257] [INFO] access - 200 GET /product 151ms
[2016-06-06 11:07:48.386] [WARN] access - 304 GET /home/css/main.css 4ms
[2016-06-06 11:07:48.395] [WARN] access - 304 GET /home/js/base.js 2ms
[2016-06-06 11:07:48.949] [WARN] access - 304 GET /home/css/main.css 2ms
[2016-06-06 11:07:48.987] [WARN] access - 304 GET /home/js/base.js 2ms
[2016-06-06 11:07:51.977] [INFO] access - 200 GET /facilitator 103ms
[2016-06-06 11:07:52.060] [WARN] access - 304 GET /home/css/main.css 29ms
[2016-06-06 11:07:52.062] [WARN] access - 304 GET /home/js/base.js 8ms
[2016-06-06 11:07:52.479] [WARN] access - 304 GET /home/css/main.css 1ms
[2016-06-06 11:07:52.525] [WARN] access - 304 GET /home/js/base.js 2ms
[2016-06-06 11:35:42.348] [ERROR] access - 404 GET /news 22ms
[2016-06-06 11:35:49.058] [WARN] access - 304 GET /home/css/main.css 10ms
[2016-06-06 11:35:49.163] [WARN] access - 304 GET /home/js/base.js 5ms
[2016-06-06 11:35:50.568] [ERROR] access - 404 GET /news 8ms
[2016-06-06 11:36:01.252] [ERROR] access - 404 GET /news/0 4ms
[2016-06-06 11:42:53.161] [ERROR] access - 404 GET /news/0 30090ms
[2016-06-06 11:45:46.193] [ERROR] access - 404 GET /news/0 85920ms
[2016-06-06 11:53:40.290] [ERROR] access - 404 GET /news/0 110492ms
[2016-06-06 13:49:03.785] [ERROR] access - 404 GET /news/0 117669ms
[2016-06-06 15:37:50.950] [ERROR] access - 404 POST /api/newss/0 12ms
[2016-06-06 15:37:50.966] [ERROR] access - 404 POST /api/news/0/47 3ms
[2016-06-06 15:38:37.501] [ERROR] access - 404 GET /api/newss/0 11ms
[2016-06-06 15:38:37.543] [ERROR] access - 404 POST /api/news/0/47 11ms
[2016-06-06 15:39:04.492] [ERROR] access - 404 GET /api/newss/0 11ms
[2016-06-06 15:39:04.525] [ERROR] access - 404 POST /api/news/0/47 6ms
[2016-06-06 15:40:41.883] [ERROR] access - 404 GET /api/newss/0 329ms
[2016-06-06 15:40:41.913] [ERROR] access - 404 POST /api/news/0/47 5ms
[2016-06-06 15:41:09.202] [ERROR] access - 404 POST /api/newss/0 11ms
[2016-06-06 15:41:09.234] [ERROR] access - 404 POST /api/news/0/47 4ms
[2016-06-06 15:41:38.627] [ERROR] access - 404 POST /api/newss/0 12ms
[2016-06-06 15:41:38.659] [ERROR] access - 404 POST /api/news/0/47 4ms
[2016-06-06 15:41:51.139] [ERROR] access - 404 POST /api/newss/0 11ms
[2016-06-06 15:41:51.172] [ERROR] access - 404 POST /api/news/0/47 5ms
[2016-06-06 15:42:04.184] [ERROR] access - 404 GET /api/newss/0 12ms
[2016-06-06 15:42:04.217] [ERROR] access - 404 POST /api/news/0/47 6ms
[2016-06-06 15:43:57.837] [ERROR] access - 404 GET /api/newss/0 12ms
[2016-06-06 15:43:57.869] [ERROR] access - 404 POST /api/news/0/47 3ms
[2016-06-06 15:44:16.413] [ERROR] access - 404 POST /api/newss/0 9ms
[2016-06-06 15:44:16.442] [ERROR] access - 404 POST /api/news/0/47 3ms
[2016-06-06 16:04:18.055] [INFO] access - 200 GET /news/0 60479ms
[2016-06-06 16:04:18.203] [WARN] access - 304 GET /home/css/main.css 16ms
[2016-06-06 16:04:18.210] [WARN] access - 304 GET /home/js/base.js 2ms
[2016-06-06 16:04:18.769] [WARN] access - 304 GET /home/css/main.css 2ms
[2016-06-06 16:04:18.799] [WARN] access - 304 GET /home/js/base.js 1ms
[2016-06-06 16:05:09.280] [WARN] access - 304 GET /news/0/47 9807ms
[2016-06-06 16:05:09.438] [WARN] access - 304 GET /home/css/main.css 22ms
[2016-06-06 16:05:09.452] [WARN] access - 304 GET /home/js/base.js 27ms
[2016-06-06 16:05:10.092] [WARN] access - 304 GET /home/css/main.css 0ms
[2016-06-06 16:05:10.157] [WARN] access - 304 GET /home/js/base.js 1ms
[2016-06-06 16:06:23.048] [INFO] access - 200 GET /news 9673ms
[2016-06-06 16:06:23.307] [WARN] access - 304 GET /home/css/main.css 9ms
[2016-06-06 16:06:23.312] [WARN] access - 304 GET /home/js/base.js 2ms
[2016-06-06 16:06:23.924] [WARN] access - 304 GET /home/css/main.css 1ms
[2016-06-06 16:06:23.970] [WARN] access - 304 GET /home/js/base.js 2ms
[2016-06-06 16:06:27.592] [INFO] access - 200 GET /news/0/47 496ms
[2016-06-06 16:06:27.672] [WARN] access - 304 GET /home/css/main.css 5ms
[2016-06-06 16:06:27.677] [WARN] access - 304 GET /home/js/base.js 7ms
[2016-06-06 16:06:28.513] [WARN] access - 304 GET /home/css/main.css 2ms
[2016-06-06 16:06:28.592] [WARN] access - 304 GET /home/js/base.js 2ms
[2016-06-06 16:06:35.829] [WARN] access - 304 GET /home/css/main.css 2ms
[2016-06-06 16:06:35.873] [WARN] access - 304 GET /home/js/base.js 1ms
[2016-06-06 16:06:38.683] [INFO] access - 200 GET /news/1 874ms
[2016-06-06 16:06:38.825] [WARN] access - 304 GET /home/css/main.css 2ms
[2016-06-06 16:06:38.828] [WARN] access - 304 GET /home/js/base.js 6ms
[2016-06-06 16:06:39.182] [WARN] access - 304 GET /home/css/main.css 4ms
[2016-06-06 16:06:39.228] [WARN] access - 304 GET /home/js/base.js 2ms
[2016-06-06 16:06:40.424] [WARN] access - 304 GET /news/2 440ms
[2016-06-06 16:06:40.592] [WARN] access - 304 GET /home/css/main.css 16ms
[2016-06-06 16:06:40.594] [WARN] access - 304 GET /home/js/base.js 0ms
[2016-06-06 16:06:41.107] [WARN] access - 304 GET /home/css/main.css 2ms
[2016-06-06 16:06:41.179] [WARN] access - 304 GET /home/js/base.js 1ms
[2016-06-06 16:07:25.623] [WARN] access - 304 GET /news/0 841ms
[2016-06-06 16:07:25.760] [WARN] access - 304 GET /home/css/main.css 4ms
[2016-06-06 16:07:25.761] [WARN] access - 304 GET /home/js/base.js 3ms
[2016-06-06 16:07:26.211] [WARN] access - 304 GET /home/css/main.css 1ms
[2016-06-06 16:07:26.250] [WARN] access - 304 GET /home/js/base.js 2ms
[2016-06-06 16:07:27.174] [WARN] access - 304 GET /news/0/47 254ms
[2016-06-06 16:07:27.240] [WARN] access - 304 GET /home/css/main.css 2ms
[2016-06-06 16:07:27.249] [WARN] access - 304 GET /home/js/base.js 1ms
[2016-06-06 16:07:28.256] [WARN] access - 304 GET /home/css/main.css 2ms
[2016-06-06 16:07:28.326] [WARN] access - 304 GET /home/js/base.js 1ms
[2016-06-06 16:18:17.345] [WARN] access - 304 GET /about 334ms
[2016-06-06 16:18:17.508] [WARN] access - 304 GET /home/css/main.css 36ms
[2016-06-06 16:18:17.513] [WARN] access - 304 GET /home/js/base.js 3ms
[2016-06-06 16:18:18.016] [WARN] access - 304 GET /home/css/main.css 1ms
[2016-06-06 16:18:18.101] [WARN] access - 304 GET /home/js/base.js 1ms
[2016-06-06 16:58:37.494] [ERROR] access - 404 GET /school/videos 21ms
[2016-06-06 16:59:53.620] [ERROR] access - 404 GET /school/videos 18ms
[2016-06-06 17:00:02.878] [ERROR] access - 404 GET /school/videos 9ms
[2016-06-06 17:00:12.421] [ERROR] access - 404 GET /school/videos 3ms
[2016-06-06 17:00:25.298] [INFO] access - 200 GET / 1519ms
[2016-06-06 17:00:25.479] [WARN] access - 304 GET /home/css/main.css 8ms
[2016-06-06 17:00:25.487] [WARN] access - 304 GET /home/js/base.js 4ms
[2016-06-06 17:00:25.999] [WARN] access - 304 GET /home/css/main.css 7ms
[2016-06-06 17:00:26.064] [WARN] access - 304 GET /home/js/base.js 1ms
[2016-06-06 17:00:35.580] [ERROR] access - 404 GET /school/videos 3ms
