[2016-06-05 11:07:19.106] [INFO] access - 200 GET / 856ms
[2016-06-05 11:07:19.415] [INFO] access - 200 GET / 306ms
[2016-06-05 11:07:19.646] [INFO] access - 200 GET /home/css/main.css 10ms
[2016-06-05 11:07:19.651] [INFO] access - 200 GET /home/js/base.js 10ms
[2016-06-05 11:07:20.547] [WARN] access - 304 GET /home/css/main.css 5ms
[2016-06-05 11:07:20.601] [WARN] access - 304 GET /home/js/base.js 2ms
[2016-06-05 11:07:30.694] [INFO] access - 200 GET /product 109ms
[2016-06-05 11:07:30.772] [WARN] access - 304 GET /home/css/main.css 4ms
[2016-06-05 11:07:30.775] [WARN] access - 304 GET /home/js/base.js 1ms
[2016-06-05 11:07:31.192] [WARN] access - 304 GET /home/css/main.css 3ms
[2016-06-05 11:07:31.335] [WARN] access - 304 GET /home/js/base.js 2ms
[2016-06-05 11:07:31.798] [INFO] access - 200 GET /facilitator 99ms
[2016-06-05 11:07:31.873] [WARN] access - 304 GET /home/css/main.css 2ms
[2016-06-05 11:07:31.889] [WARN] access - 304 GET /home/js/base.js 1ms
[2016-06-05 11:07:32.490] [WARN] access - 304 GET /home/css/main.css 4ms
[2016-06-05 11:07:32.539] [WARN] access - 304 GET /home/js/base.js 3ms
[2016-06-05 11:07:33.496] [INFO] access - 200 GET /about 60ms
[2016-06-05 11:07:33.567] [WARN] access - 304 GET /home/css/main.css 3ms
[2016-06-05 11:07:33.569] [WARN] access - 304 GET /home/js/base.js 2ms
[2016-06-05 11:07:33.926] [WARN] access - 304 GET /home/css/main.css 1ms
[2016-06-05 11:07:33.995] [WARN] access - 304 GET /home/js/base.js 2ms
[2016-06-05 11:07:34.799] [INFO] access - 200 GET /join 61ms
[2016-06-05 11:07:34.858] [WARN] access - 304 GET /home/css/main.css 1ms
[2016-06-05 11:07:34.935] [WARN] access - 304 GET /home/js/base.js 2ms
[2016-06-05 11:07:35.358] [WARN] access - 304 GET /home/css/main.css 4ms
[2016-06-05 11:07:35.390] [WARN] access - 304 GET /home/js/base.js 3ms
[2016-06-05 11:13:00.854] [WARN] access - 304 GET / 5101ms
[2016-06-05 11:13:00.991] [WARN] access - 304 GET /home/css/main.css 11ms
[2016-06-05 11:13:00.996] [WARN] access - 304 GET /home/js/base.js 15ms
[2016-06-05 11:13:01.901] [WARN] access - 304 GET /home/css/main.css 2ms
[2016-06-05 11:13:01.927] [WARN] access - 304 GET /home/js/base.js 2ms
[2016-06-05 11:13:08.168] [INFO] access - 200 GET /news 1740ms
[2016-06-05 11:13:08.253] [WARN] access - 304 GET /home/css/main.css 1ms
[2016-06-05 11:13:08.311] [WARN] access - 304 GET /home/js/base.js 59ms
[2016-06-05 11:13:08.795] [WARN] access - 304 GET /home/css/main.css 3ms
[2016-06-05 11:13:08.825] [WARN] access - 304 GET /home/js/base.js 3ms
[2016-06-05 11:13:23.532] [WARN] access - 304 GET /home/css/main.css 2ms
[2016-06-05 11:13:53.603] [INFO] access - 200 GET /news 588ms
[2016-06-05 11:13:53.966] [WARN] access - 304 GET /home/css/main.css 6ms
[2016-06-05 11:13:53.995] [WARN] access - 304 GET /home/js/base.js 6ms
[2016-06-05 11:13:55.041] [WARN] access - 304 GET /home/css/main.css 4ms
[2016-06-05 11:13:55.080] [WARN] access - 304 GET /home/js/base.js 2ms
[2016-06-05 11:14:11.768] [INFO] access - 200 GET /news 619ms
[2016-06-05 11:14:12.254] [WARN] access - 304 GET /home/css/main.css 2ms
[2016-06-05 11:14:12.285] [WARN] access - 304 GET /home/js/base.js 2ms
[2016-06-05 11:14:13.264] [WARN] access - 304 GET /home/css/main.css 1ms
[2016-06-05 11:14:13.383] [WARN] access - 304 GET /home/js/base.js 1ms
[2016-06-05 11:14:21.402] [INFO] access - 200 GET /news 440ms
[2016-06-05 11:14:21.695] [WARN] access - 304 GET /home/css/main.css 3ms
[2016-06-05 11:14:21.705] [WARN] access - 304 GET /home/js/base.js 1ms
[2016-06-05 11:14:22.672] [WARN] access - 304 GET /home/css/main.css 3ms
[2016-06-05 11:14:22.741] [WARN] access - 304 GET /home/js/base.js 2ms
[2016-06-05 11:14:41.128] [INFO] access - 200 GET /news 459ms
[2016-06-05 11:14:41.462] [WARN] access - 304 GET /home/css/main.css 3ms
[2016-06-05 11:14:41.496] [WARN] access - 304 GET /home/js/base.js 2ms
[2016-06-05 11:14:42.589] [WARN] access - 304 GET /home/css/main.css 2ms
[2016-06-05 11:14:42.647] [WARN] access - 304 GET /home/js/base.js 2ms
[2016-06-05 11:15:00.871] [INFO] access - 200 GET /news 475ms
[2016-06-05 11:15:01.268] [WARN] access - 304 GET /home/css/main.css 10ms
[2016-06-05 11:15:01.296] [WARN] access - 304 GET /home/js/base.js 12ms
[2016-06-05 11:15:02.345] [WARN] access - 304 GET /home/css/main.css 2ms
[2016-06-05 11:15:02.468] [WARN] access - 304 GET /home/js/base.js 1ms
[2016-06-05 11:16:32.830] [INFO] access - 200 GET /news 495ms
[2016-06-05 11:16:33.168] [WARN] access - 304 GET /home/css/main.css 6ms
[2016-06-05 11:16:33.227] [WARN] access - 304 GET /home/js/base.js 62ms
[2016-06-05 11:16:33.998] [WARN] access - 304 GET /home/css/main.css 3ms
[2016-06-05 11:16:34.084] [WARN] access - 304 GET /home/js/base.js 3ms
[2016-06-05 11:17:56.415] [INFO] access - 200 GET /news 415ms
[2016-06-05 11:17:56.633] [WARN] access - 304 GET /home/css/main.css 25ms
[2016-06-05 11:17:56.638] [WARN] access - 304 GET /home/js/base.js 10ms
[2016-06-05 11:17:57.898] [WARN] access - 304 GET /home/css/main.css 1ms
[2016-06-05 11:17:57.964] [WARN] access - 304 GET /home/js/base.js 1ms
[2016-06-05 11:19:03.882] [INFO] access - 200 GET /news 465ms
[2016-06-05 11:19:04.207] [WARN] access - 304 GET /home/css/main.css 2ms
[2016-06-05 11:19:04.218] [WARN] access - 304 GET /home/js/base.js 1ms
[2016-06-05 11:19:05.096] [WARN] access - 304 GET /home/css/main.css 1ms
[2016-06-05 11:19:05.143] [WARN] access - 304 GET /home/js/base.js 1ms
[2016-06-05 11:24:58.120] [INFO] access - 200 GET /news/1 601ms
[2016-06-05 11:24:58.398] [WARN] access - 304 GET /home/css/main.css 1ms
[2016-06-05 11:24:58.420] [WARN] access - 304 GET /home/js/base.js 17ms
[2016-06-05 11:24:59.453] [WARN] access - 304 GET /home/css/main.css 6ms
[2016-06-05 11:24:59.495] [WARN] access - 304 GET /home/js/base.js 3ms
[2016-06-05 11:25:02.166] [INFO] access - 200 GET /news/2 499ms
[2016-06-05 11:25:02.380] [WARN] access - 304 GET /home/css/main.css 6ms
[2016-06-05 11:25:02.382] [WARN] access - 304 GET /home/js/base.js 6ms
[2016-06-05 11:25:02.855] [WARN] access - 304 GET /home/css/main.css 2ms
[2016-06-05 11:25:02.913] [WARN] access - 304 GET /home/js/base.js 1ms
[2016-06-05 11:25:05.209] [INFO] access - 200 GET /news/0 743ms
[2016-06-05 11:25:05.429] [WARN] access - 304 GET /home/css/main.css 8ms
[2016-06-05 11:25:05.430] [WARN] access - 304 GET /home/js/base.js 4ms
[2016-06-05 11:25:06.069] [WARN] access - 304 GET /home/css/main.css 1ms
[2016-06-05 11:25:06.173] [WARN] access - 304 GET /home/js/base.js 9ms
[2016-06-05 11:25:07.910] [WARN] access - 304 GET /news/1 931ms
[2016-06-05 11:25:08.153] [WARN] access - 304 GET /home/css/main.css 13ms
[2016-06-05 11:25:08.156] [WARN] access - 304 GET /home/js/base.js 8ms
[2016-06-05 11:25:08.704] [WARN] access - 304 GET /home/css/main.css 2ms
[2016-06-05 11:25:08.742] [WARN] access - 304 GET /home/js/base.js 1ms
[2016-06-05 11:25:10.820] [WARN] access - 304 GET /news/2 1041ms
[2016-06-05 11:25:10.940] [WARN] access - 304 GET /home/css/main.css 55ms
[2016-06-05 11:25:10.956] [WARN] access - 304 GET /home/js/base.js 21ms
[2016-06-05 11:25:11.389] [WARN] access - 304 GET /home/css/main.css 2ms
[2016-06-05 11:25:11.423] [WARN] access - 304 GET /home/js/base.js 1ms
[2016-06-05 11:25:13.551] [WARN] access - 304 GET /news/0 938ms
[2016-06-05 11:25:13.764] [WARN] access - 304 GET /home/css/main.css 7ms
[2016-06-05 11:25:13.766] [WARN] access - 304 GET /home/js/base.js 6ms
[2016-06-05 11:25:14.357] [WARN] access - 304 GET /home/css/main.css 6ms
[2016-06-05 11:25:14.419] [WARN] access - 304 GET /home/js/base.js 2ms
[2016-06-05 11:26:44.996] [WARN] access - 304 GET /news/0 459ms
[2016-06-05 11:26:45.311] [WARN] access - 304 GET /home/css/main.css 8ms
[2016-06-05 11:26:45.328] [WARN] access - 304 GET /home/js/base.js 18ms
[2016-06-05 11:26:46.619] [WARN] access - 304 GET /home/css/main.css 1ms
[2016-06-05 11:26:46.662] [WARN] access - 304 GET /home/js/base.js 2ms
[2016-06-05 11:28:17.040] [WARN] access - 304 GET /news/0 486ms
[2016-06-05 11:28:17.271] [WARN] access - 304 GET /home/css/main.css 4ms
[2016-06-05 11:28:17.273] [WARN] access - 304 GET /home/js/base.js 2ms
[2016-06-05 11:28:18.533] [WARN] access - 304 GET /home/css/main.css 2ms
[2016-06-05 11:28:18.594] [WARN] access - 304 GET /home/js/base.js 2ms
[2016-06-05 11:28:20.584] [WARN] access - 304 GET /news/1 819ms
[2016-06-05 11:28:20.829] [WARN] access - 304 GET /home/css/main.css 3ms
[2016-06-05 11:28:20.841] [WARN] access - 304 GET /home/js/base.js 5ms
[2016-06-05 11:28:21.474] [WARN] access - 304 GET /home/css/main.css 2ms
[2016-06-05 11:28:21.555] [WARN] access - 304 GET /home/js/base.js 1ms
[2016-06-05 11:29:29.184] [INFO] access - 200 GET /news/1 485ms
[2016-06-05 11:29:29.447] [WARN] access - 304 GET /home/css/main.css 2ms
[2016-06-05 11:29:29.454] [WARN] access - 304 GET /home/js/base.js 1ms
[2016-06-05 11:29:30.204] [WARN] access - 304 GET /home/css/main.css 2ms
[2016-06-05 11:29:30.298] [WARN] access - 304 GET /home/js/base.js 1ms
[2016-06-05 11:29:32.185] [INFO] access - 200 GET /news/2 767ms
[2016-06-05 11:29:32.399] [WARN] access - 304 GET /home/css/main.css 3ms
[2016-06-05 11:29:32.401] [WARN] access - 304 GET /home/js/base.js 12ms
[2016-06-05 11:29:33.124] [WARN] access - 304 GET /home/css/main.css 1ms
[2016-06-05 11:29:33.211] [WARN] access - 304 GET /home/js/base.js 1ms
[2016-06-05 11:29:34.406] [WARN] access - 304 GET /news/0 725ms
[2016-06-05 11:29:34.658] [WARN] access - 304 GET /home/css/main.css 90ms
[2016-06-05 11:29:34.664] [WARN] access - 304 GET /home/js/base.js 26ms
[2016-06-05 11:29:35.360] [WARN] access - 304 GET /home/css/main.css 2ms
[2016-06-05 11:29:35.444] [WARN] access - 304 GET /home/js/base.js 1ms
[2016-06-05 11:40:42.575] [ERROR] access - 500 GET /news 140ms
[2016-06-05 11:41:09.603] [ERROR] access - 500 GET /news 113ms
[2016-06-05 11:41:18.750] [INFO] access - 200 GET /news 723ms
[2016-06-05 11:41:18.842] [WARN] access - 304 GET /home/css/main.css 2ms
[2016-06-05 11:41:18.845] [WARN] access - 304 GET /home/js/base.js 3ms
[2016-06-05 11:41:19.632] [WARN] access - 304 GET /home/css/main.css 3ms
[2016-06-05 11:41:19.694] [WARN] access - 304 GET /home/js/base.js 2ms
[2016-06-05 11:41:22.119] [INFO] access - 200 GET /news/1 783ms
[2016-06-05 11:41:22.185] [WARN] access - 304 GET /home/css/main.css 4ms
[2016-06-05 11:41:22.188] [WARN] access - 304 GET /home/js/base.js 4ms
[2016-06-05 11:41:22.622] [WARN] access - 304 GET /home/css/main.css 2ms
[2016-06-05 11:41:22.654] [WARN] access - 304 GET /home/js/base.js 1ms
[2016-06-05 11:41:24.982] [INFO] access - 200 GET /news/2 1014ms
[2016-06-05 11:41:25.052] [WARN] access - 304 GET /home/css/main.css 14ms
[2016-06-05 11:41:25.059] [WARN] access - 304 GET /home/js/base.js 18ms
[2016-06-05 11:41:25.438] [WARN] access - 304 GET /home/css/main.css 2ms
[2016-06-05 11:41:25.528] [WARN] access - 304 GET /home/js/base.js 8ms
[2016-06-05 11:41:27.309] [WARN] access - 304 GET /news/0 859ms
[2016-06-05 11:41:27.472] [WARN] access - 304 GET /home/css/main.css 5ms
[2016-06-05 11:41:27.477] [WARN] access - 304 GET /home/js/base.js 8ms
[2016-06-05 11:41:27.871] [WARN] access - 304 GET /home/css/main.css 2ms
[2016-06-05 11:41:27.909] [WARN] access - 304 GET /home/js/base.js 4ms
[2016-06-05 11:41:29.225] [WARN] access - 304 GET /news/1 626ms
[2016-06-05 11:41:29.303] [WARN] access - 304 GET /home/css/main.css 3ms
[2016-06-05 11:41:29.304] [WARN] access - 304 GET /home/js/base.js 2ms
[2016-06-05 11:41:29.639] [WARN] access - 304 GET /home/css/main.css 4ms
[2016-06-05 11:41:29.699] [WARN] access - 304 GET /home/js/base.js 1ms
[2016-06-05 11:41:31.237] [WARN] access - 304 GET /news/0 731ms
[2016-06-05 11:41:31.292] [WARN] access - 304 GET /home/css/main.css 3ms
[2016-06-05 11:41:31.293] [WARN] access - 304 GET /home/js/base.js 2ms
[2016-06-05 11:41:31.676] [WARN] access - 304 GET /home/css/main.css 2ms
[2016-06-05 11:41:31.777] [WARN] access - 304 GET /home/js/base.js 1ms
[2016-06-05 11:41:33.086] [WARN] access - 304 GET /news/2 760ms
[2016-06-05 11:41:33.193] [WARN] access - 304 GET /home/css/main.css 6ms
[2016-06-05 11:41:33.194] [WARN] access - 304 GET /home/js/base.js 6ms
[2016-06-05 11:41:33.535] [WARN] access - 304 GET /home/css/main.css 2ms
[2016-06-05 11:41:33.604] [WARN] access - 304 GET /home/js/base.js 0ms
[2016-06-05 11:41:35.449] [WARN] access - 304 GET /news/0 672ms
[2016-06-05 11:41:35.611] [WARN] access - 304 GET /home/css/main.css 7ms
[2016-06-05 11:41:35.613] [WARN] access - 304 GET /home/js/base.js 8ms
[2016-06-05 11:41:35.982] [WARN] access - 304 GET /home/css/main.css 3ms
[2016-06-05 11:41:36.016] [WARN] access - 304 GET /home/js/base.js 2ms
[2016-06-05 11:42:05.382] [ERROR] access - 500 GET /news/0 90ms
[2016-06-05 11:42:23.326] [INFO] access - 200 GET /news/0 709ms
[2016-06-05 11:42:23.431] [WARN] access - 304 GET /home/css/main.css 4ms
[2016-06-05 11:42:23.447] [WARN] access - 304 GET /home/js/base.js 18ms
[2016-06-05 11:42:23.910] [WARN] access - 304 GET /home/css/main.css 3ms
[2016-06-05 11:42:23.957] [WARN] access - 304 GET /home/js/base.js 2ms
[2016-06-05 11:42:26.631] [WARN] access - 304 GET /news/1 817ms
[2016-06-05 11:42:26.693] [WARN] access - 304 GET /home/css/main.css 4ms
[2016-06-05 11:42:26.695] [WARN] access - 304 GET /home/js/base.js 4ms
[2016-06-05 11:42:27.186] [WARN] access - 304 GET /home/css/main.css 1ms
[2016-06-05 11:42:27.241] [WARN] access - 304 GET /home/js/base.js 2ms
[2016-06-05 11:42:28.312] [WARN] access - 304 GET /news/2 460ms
[2016-06-05 11:42:28.403] [WARN] access - 304 GET /home/css/main.css 8ms
[2016-06-05 11:42:28.429] [WARN] access - 304 GET /home/js/base.js 13ms
[2016-06-05 11:42:28.918] [WARN] access - 304 GET /home/css/main.css 2ms
[2016-06-05 11:42:28.951] [WARN] access - 304 GET /home/js/base.js 1ms
[2016-06-05 11:42:30.468] [WARN] access - 304 GET /news/1 748ms
[2016-06-05 11:42:30.524] [WARN] access - 304 GET /home/css/main.css 7ms
[2016-06-05 11:42:30.527] [WARN] access - 304 GET /home/js/base.js 8ms
[2016-06-05 11:42:30.915] [WARN] access - 304 GET /home/css/main.css 1ms
[2016-06-05 11:42:30.950] [WARN] access - 304 GET /home/js/base.js 1ms
[2016-06-05 11:42:32.028] [WARN] access - 304 GET /news/0 584ms
[2016-06-05 11:42:32.096] [WARN] access - 304 GET /home/css/main.css 4ms
[2016-06-05 11:42:32.098] [WARN] access - 304 GET /home/js/base.js 4ms
[2016-06-05 11:42:32.498] [WARN] access - 304 GET /home/css/main.css 1ms
[2016-06-05 11:42:32.566] [WARN] access - 304 GET /home/js/base.js 0ms
[2016-06-05 11:44:07.744] [WARN] access - 304 GET /news/1 1007ms
[2016-06-05 11:44:07.826] [WARN] access - 304 GET /home/css/main.css 9ms
[2016-06-05 11:44:07.832] [WARN] access - 304 GET /home/js/base.js 14ms
[2016-06-05 11:44:08.282] [WARN] access - 304 GET /home/css/main.css 2ms
[2016-06-05 11:44:08.336] [WARN] access - 304 GET /home/js/base.js 1ms
[2016-06-05 11:44:10.953] [WARN] access - 304 GET /home/css/main.css 1ms
[2016-06-05 11:46:03.630] [WARN] access - 304 GET /news/0 878ms
[2016-06-05 11:46:04.042] [WARN] access - 304 GET /home/css/main.css 2ms
[2016-06-05 11:46:04.052] [WARN] access - 304 GET /home/js/base.js 1ms
[2016-06-05 11:46:04.790] [WARN] access - 304 GET /home/css/main.css 1ms
[2016-06-05 11:46:04.837] [WARN] access - 304 GET /home/js/base.js 2ms
[2016-06-05 11:46:06.948] [INFO] access - 200 GET /news/1 1084ms
[2016-06-05 11:46:07.191] [WARN] access - 304 GET /home/css/main.css 1ms
[2016-06-05 11:46:07.195] [WARN] access - 304 GET /home/js/base.js 1ms
[2016-06-05 11:46:08.081] [WARN] access - 304 GET /home/css/main.css 2ms
[2016-06-05 11:46:08.135] [WARN] access - 304 GET /home/js/base.js 0ms
[2016-06-05 11:46:10.102] [INFO] access - 200 GET /news/2 744ms
[2016-06-05 11:46:10.310] [WARN] access - 304 GET /home/css/main.css 1ms
[2016-06-05 11:46:10.317] [WARN] access - 304 GET /home/js/base.js 1ms
[2016-06-05 11:46:11.019] [WARN] access - 304 GET /home/css/main.css 1ms
[2016-06-05 11:46:11.131] [WARN] access - 304 GET /home/js/base.js 2ms
[2016-06-05 11:46:15.511] [WARN] access - 304 GET /news/0 751ms
[2016-06-05 11:46:15.718] [WARN] access - 304 GET /home/css/main.css 2ms
[2016-06-05 11:46:15.719] [WARN] access - 304 GET /home/js/base.js 3ms
[2016-06-05 11:46:16.247] [WARN] access - 304 GET /home/css/main.css 2ms
[2016-06-05 11:46:16.343] [WARN] access - 304 GET /home/js/base.js 0ms
[2016-06-05 11:48:55.416] [ERROR] access - 500 GET /news/0 42ms
[2016-06-05 11:49:03.653] [INFO] access - 200 GET /news/0 638ms
[2016-06-05 11:49:03.855] [WARN] access - 304 GET /home/css/main.css 1ms
[2016-06-05 11:49:03.859] [WARN] access - 304 GET /home/js/base.js 1ms
[2016-06-05 11:49:04.669] [WARN] access - 304 GET /home/css/main.css 1ms
[2016-06-05 11:49:04.803] [WARN] access - 304 GET /home/js/base.js 2ms
[2016-06-05 11:49:19.898] [INFO] access - 200 GET /news/0 713ms
[2016-06-05 11:49:20.056] [WARN] access - 304 GET /home/css/main.css 3ms
[2016-06-05 11:49:20.060] [WARN] access - 304 GET /home/js/base.js 5ms
[2016-06-05 11:49:21.040] [WARN] access - 304 GET /home/css/main.css 3ms
[2016-06-05 11:49:21.197] [WARN] access - 304 GET /home/js/base.js 1ms
[2016-06-05 11:51:32.274] [INFO] access - 200 GET /news/0 776ms
[2016-06-05 11:51:32.563] [WARN] access - 304 GET /home/css/main.css 1ms
[2016-06-05 11:51:32.569] [WARN] access - 304 GET /home/js/base.js 0ms
[2016-06-05 11:51:33.291] [WARN] access - 304 GET /home/css/main.css 2ms
[2016-06-05 11:51:33.343] [WARN] access - 304 GET /home/js/base.js 1ms
[2016-06-05 11:52:51.965] [INFO] access - 200 GET /news/0 661ms
[2016-06-05 11:52:52.156] [WARN] access - 304 GET /home/css/main.css 8ms
[2016-06-05 11:52:52.162] [WARN] access - 304 GET /home/js/base.js 10ms
[2016-06-05 11:52:53.158] [WARN] access - 304 GET /home/css/main.css 1ms
[2016-06-05 11:52:53.264] [WARN] access - 304 GET /home/js/base.js 2ms
[2016-06-05 11:56:38.948] [INFO] access - 200 GET /news/1 716ms
[2016-06-05 11:56:39.223] [WARN] access - 304 GET /home/css/main.css 2ms
[2016-06-05 11:56:39.233] [WARN] access - 304 GET /home/js/base.js 8ms
[2016-06-05 11:56:40.058] [WARN] access - 304 GET /home/css/main.css 2ms
[2016-06-05 11:56:40.096] [WARN] access - 304 GET /home/js/base.js 1ms
[2016-06-05 11:57:19.961] [INFO] access - 200 GET /news/1 759ms
[2016-06-05 11:57:20.220] [WARN] access - 304 GET /home/css/main.css 2ms
[2016-06-05 11:57:20.227] [WARN] access - 304 GET /home/js/base.js 1ms
[2016-06-05 11:57:20.906] [WARN] access - 304 GET /home/css/main.css 2ms
[2016-06-05 11:57:20.990] [WARN] access - 304 GET /home/js/base.js 1ms
[2016-06-05 11:57:32.795] [WARN] access - 304 GET /news/0 889ms
[2016-06-05 11:57:33.004] [WARN] access - 304 GET /home/css/main.css 6ms
[2016-06-05 11:57:33.012] [WARN] access - 304 GET /home/js/base.js 12ms
[2016-06-05 11:57:33.695] [WARN] access - 304 GET /home/css/main.css 3ms
[2016-06-05 11:57:33.815] [WARN] access - 304 GET /home/js/base.js 1ms
[2016-06-05 11:57:36.137] [WARN] access - 304 GET /news/1 1166ms
[2016-06-05 11:57:36.355] [WARN] access - 304 GET /home/css/main.css 8ms
[2016-06-05 11:57:36.357] [WARN] access - 304 GET /home/js/base.js 3ms
[2016-06-05 11:57:37.095] [WARN] access - 304 GET /home/css/main.css 2ms
[2016-06-05 11:57:37.176] [WARN] access - 304 GET /home/js/base.js 1ms
[2016-06-05 11:58:14.505] [INFO] access - 200 GET /news/1 739ms
[2016-06-05 11:58:14.782] [WARN] access - 304 GET /home/css/main.css 3ms
[2016-06-05 11:58:14.829] [WARN] access - 304 GET /home/js/base.js 29ms
[2016-06-05 11:58:15.563] [WARN] access - 304 GET /home/css/main.css 1ms
[2016-06-05 11:58:15.619] [WARN] access - 304 GET /home/js/base.js 1ms
[2016-06-05 11:58:18.395] [INFO] access - 200 GET /news/2 733ms
[2016-06-05 11:58:18.637] [WARN] access - 304 GET /home/css/main.css 9ms
[2016-06-05 11:58:18.642] [WARN] access - 304 GET /home/js/base.js 0ms
[2016-06-05 11:58:19.241] [WARN] access - 304 GET /home/css/main.css 2ms
[2016-06-05 11:58:19.349] [WARN] access - 304 GET /home/js/base.js 2ms
