[2016-05-27 13:14:40.870] [WARN] access - 304 GET / 706ms
[2016-05-27 13:19:01.773] [INFO] access - 200 GET / 592ms
[2016-05-27 13:19:02.138] [INFO] access - 200 GET /home/css/main.css 11ms
[2016-05-27 13:19:02.158] [INFO] access - 200 GET /home/js/main.js 3ms
[2016-05-27 13:19:03.429] [WARN] access - 304 GET /home/css/main.css 2ms
[2016-05-27 13:19:03.460] [WARN] access - 304 GET /home/js/main.js 1ms
[2016-05-27 13:40:40.264] [INFO] access - 200 GET / 472ms
[2016-05-27 13:40:40.567] [WARN] access - 304 GET /home/css/main.css 3ms
[2016-05-27 13:40:40.582] [INFO] access - 200 GET /home/js/main.js 4ms
[2016-05-27 13:40:42.193] [WARN] access - 304 GET /home/css/main.css 2ms
[2016-05-27 13:40:42.249] [WARN] access - 304 GET /home/js/main.js 1ms
[2016-05-27 13:44:08.722] [WARN] access - 304 GET / 260ms
[2016-05-27 13:44:09.113] [WARN] access - 304 GET /home/css/main.css 2ms
[2016-05-27 13:44:09.137] [INFO] access - 200 GET /home/js/main.js 3ms
[2016-05-27 13:44:10.341] [WARN] access - 304 GET /home/css/main.css 1ms
[2016-05-27 13:44:10.467] [WARN] access - 304 GET /home/js/main.js 1ms
[2016-05-27 13:44:14.118] [WARN] access - 304 GET / 139ms
[2016-05-27 13:44:14.373] [WARN] access - 304 GET /home/css/main.css 1ms
[2016-05-27 13:44:14.385] [WARN] access - 304 GET /home/js/main.js 1ms
[2016-05-27 13:44:15.419] [WARN] access - 304 GET /home/css/main.css 1ms
[2016-05-27 13:44:15.526] [WARN] access - 304 GET /home/js/main.js 1ms
[2016-05-27 13:46:00.221] [INFO] access - 200 GET / 1614ms
[2016-05-27 13:46:00.561] [WARN] access - 304 GET /home/css/main.css 6ms
[2016-05-27 13:46:00.577] [WARN] access - 304 GET /home/js/main.js 1ms
[2016-05-27 13:46:02.414] [WARN] access - 304 GET /home/css/main.css 1ms
[2016-05-27 13:46:02.473] [WARN] access - 304 GET /home/js/main.js 1ms
[2016-05-27 13:46:34.413] [INFO] access - 200 GET / 381ms
[2016-05-27 13:46:34.660] [WARN] access - 304 GET /home/css/main.css 12ms
[2016-05-27 13:46:34.674] [WARN] access - 304 GET /home/js/main.js 2ms
[2016-05-27 13:46:35.603] [WARN] access - 304 GET /home/css/main.css 1ms
[2016-05-27 13:46:35.757] [WARN] access - 304 GET /home/js/main.js 1ms
[2016-05-27 13:46:49.057] [INFO] access - 200 GET / 220ms
[2016-05-27 13:46:49.333] [WARN] access - 304 GET /home/css/main.css 2ms
[2016-05-27 13:46:49.355] [WARN] access - 304 GET /home/js/main.js 1ms
[2016-05-27 13:46:50.275] [WARN] access - 304 GET /home/css/main.css 0ms
[2016-05-27 13:46:50.362] [WARN] access - 304 GET /home/js/main.js 2ms
[2016-05-27 13:47:17.839] [WARN] access - 304 GET / 223ms
[2016-05-27 13:47:18.147] [WARN] access - 304 GET /home/css/main.css 1ms
[2016-05-27 13:47:18.158] [WARN] access - 304 GET /home/js/main.js 1ms
[2016-05-27 13:47:19.096] [WARN] access - 304 GET /home/css/main.css 1ms
[2016-05-27 13:47:19.189] [WARN] access - 304 GET /home/js/main.js 0ms
[2016-05-27 13:47:26.905] [WARN] access - 304 GET / 165ms
[2016-05-27 13:47:27.166] [WARN] access - 304 GET /home/css/main.css 1ms
[2016-05-27 13:47:27.179] [WARN] access - 304 GET /home/js/main.js 2ms
[2016-05-27 13:47:28.107] [WARN] access - 304 GET /home/css/main.css 1ms
[2016-05-27 13:47:28.210] [WARN] access - 304 GET /home/js/main.js 2ms
[2016-05-27 14:07:51.040] [INFO] access - 200 GET / 2143ms
[2016-05-27 14:07:51.514] [WARN] access - 304 GET /home/css/main.css 30ms
[2016-05-27 14:07:51.575] [WARN] access - 304 GET /home/js/main.js 9ms
[2016-05-27 14:07:52.705] [WARN] access - 304 GET /home/css/main.css 1ms
[2016-05-27 14:07:52.800] [WARN] access - 304 GET /home/js/main.js 1ms
[2016-05-27 14:07:54.650] [INFO] access - 200 GET /product 134ms
[2016-05-27 14:07:54.913] [WARN] access - 304 GET /home/css/main.css 1ms
[2016-05-27 14:07:54.924] [WARN] access - 304 GET /home/js/main.js 7ms
[2016-05-27 14:07:55.771] [WARN] access - 304 GET /home/css/main.css 1ms
[2016-05-27 14:07:55.854] [WARN] access - 304 GET /home/js/main.js 2ms
[2016-05-27 14:07:56.824] [INFO] access - 200 GET /facilitator 90ms
[2016-05-27 14:07:56.947] [WARN] access - 304 GET /home/css/main.css 1ms
[2016-05-27 14:07:56.971] [WARN] access - 304 GET /home/js/main.js 1ms
[2016-05-27 14:07:58.047] [WARN] access - 304 GET /home/css/main.css 1ms
[2016-05-27 14:07:58.181] [WARN] access - 304 GET /home/js/main.js 24ms
[2016-05-27 14:07:59.767] [INFO] access - 200 GET /about 103ms
[2016-05-27 14:08:00.048] [WARN] access - 304 GET /home/css/main.css 0ms
[2016-05-27 14:08:00.054] [WARN] access - 304 GET /home/js/main.js 0ms
[2016-05-27 14:08:00.714] [WARN] access - 304 GET /home/css/main.css 1ms
[2016-05-27 14:08:00.784] [WARN] access - 304 GET /home/js/main.js 1ms
[2016-05-27 14:08:02.595] [INFO] access - 200 GET /join 94ms
[2016-05-27 14:08:02.916] [WARN] access - 304 GET /home/css/main.css 1ms
[2016-05-27 14:08:02.947] [WARN] access - 304 GET /home/js/main.js 7ms
[2016-05-27 14:08:03.817] [WARN] access - 304 GET /home/css/main.css 0ms
[2016-05-27 14:08:03.900] [WARN] access - 304 GET /home/js/main.js 1ms
[2016-05-27 14:08:04.811] [WARN] access - 304 GET / 148ms
[2016-05-27 14:08:05.171] [WARN] access - 304 GET /home/css/main.css 1ms
[2016-05-27 14:08:05.175] [WARN] access - 304 GET /home/js/main.js 4ms
[2016-05-27 14:08:06.122] [WARN] access - 304 GET /home/css/main.css 1ms
[2016-05-27 14:08:06.236] [WARN] access - 304 GET /home/js/main.js 1ms
[2016-05-27 14:09:10.130] [WARN] access - 304 GET /product 127ms
[2016-05-27 14:09:10.330] [WARN] access - 304 GET /home/css/main.css 1ms
[2016-05-27 14:09:10.368] [WARN] access - 304 GET /home/js/main.js 2ms
[2016-05-27 14:09:11.082] [WARN] access - 304 GET /home/css/main.css 3ms
[2016-05-27 14:09:11.178] [WARN] access - 304 GET /home/js/main.js 2ms
[2016-05-27 14:09:12.549] [INFO] access - 200 GET / 311ms
[2016-05-27 14:09:12.910] [WARN] access - 304 GET /home/css/main.css 5ms
[2016-05-27 14:09:12.911] [WARN] access - 304 GET /home/js/main.js 2ms
[2016-05-27 14:09:14.046] [WARN] access - 304 GET /home/css/main.css 0ms
[2016-05-27 14:09:14.104] [WARN] access - 304 GET /home/js/main.js 1ms
[2016-05-27 14:09:14.833] [WARN] access - 304 GET /facilitator 130ms
[2016-05-27 14:09:15.100] [WARN] access - 304 GET /home/css/main.css 0ms
[2016-05-27 14:09:15.116] [WARN] access - 304 GET /home/js/main.js 2ms
[2016-05-27 14:09:16.013] [WARN] access - 304 GET /home/css/main.css 1ms
[2016-05-27 14:09:16.139] [WARN] access - 304 GET /home/js/main.js 0ms
[2016-05-27 14:09:17.050] [WARN] access - 304 GET / 178ms
[2016-05-27 14:09:17.306] [WARN] access - 304 GET /home/css/main.css 3ms
[2016-05-27 14:09:17.312] [WARN] access - 304 GET /home/js/main.js 2ms
[2016-05-27 14:09:18.489] [WARN] access - 304 GET /home/css/main.css 1ms
[2016-05-27 14:09:18.586] [WARN] access - 304 GET /home/js/main.js 0ms
[2016-05-27 14:09:30.108] [WARN] access - 304 GET /product 93ms
[2016-05-27 14:09:30.359] [WARN] access - 304 GET /home/css/main.css 1ms
[2016-05-27 14:09:30.362] [WARN] access - 304 GET /home/js/main.js 0ms
[2016-05-27 14:09:30.934] [WARN] access - 304 GET /home/css/main.css 2ms
[2016-05-27 14:09:31.037] [WARN] access - 304 GET /home/js/main.js 1ms
[2016-05-27 14:09:31.638] [WARN] access - 304 GET /facilitator 62ms
[2016-05-27 14:09:31.904] [WARN] access - 304 GET /home/css/main.css 2ms
[2016-05-27 14:09:31.911] [WARN] access - 304 GET /home/js/main.js 2ms
[2016-05-27 14:09:32.688] [WARN] access - 304 GET /home/css/main.css 1ms
[2016-05-27 14:09:32.780] [WARN] access - 304 GET /home/js/main.js 1ms
[2016-05-27 14:09:33.657] [WARN] access - 304 GET /about 72ms
[2016-05-27 14:09:33.811] [WARN] access - 304 GET /home/css/main.css 0ms
[2016-05-27 14:09:33.813] [WARN] access - 304 GET /home/js/main.js 1ms
[2016-05-27 14:09:34.598] [WARN] access - 304 GET /home/css/main.css 1ms
[2016-05-27 14:09:34.730] [WARN] access - 304 GET /home/js/main.js 1ms
[2016-05-27 14:10:23.408] [INFO] access - 200 GET /about 103ms
[2016-05-27 14:10:23.575] [WARN] access - 304 GET /home/css/main.css 1ms
[2016-05-27 14:10:23.602] [INFO] access - 200 GET /home/js/main.js 10ms
[2016-05-27 14:10:24.523] [WARN] access - 304 GET /home/css/main.css 0ms
[2016-05-27 14:10:24.614] [WARN] access - 304 GET /home/js/main.js 1ms
[2016-05-27 14:10:26.895] [WARN] access - 304 GET /join 59ms
[2016-05-27 14:10:27.116] [WARN] access - 304 GET /home/css/main.css 2ms
[2016-05-27 14:10:27.117] [WARN] access - 304 GET /home/js/main.js 2ms
[2016-05-27 14:10:27.716] [WARN] access - 304 GET /home/css/main.css 1ms
[2016-05-27 14:10:27.826] [WARN] access - 304 GET /home/js/main.js 0ms
[2016-05-27 14:10:38.892] [INFO] access - 200 GET /join 112ms
[2016-05-27 14:10:39.173] [WARN] access - 304 GET /home/css/main.css 2ms
[2016-05-27 14:10:39.184] [WARN] access - 304 GET /home/js/main.js 1ms
[2016-05-27 14:10:40.503] [WARN] access - 304 GET /home/css/main.css 1ms
[2016-05-27 14:10:40.622] [WARN] access - 304 GET /home/js/main.js 1ms
[2016-05-27 14:10:41.785] [INFO] access - 200 GET /qa 166ms
[2016-05-27 14:10:42.156] [WARN] access - 304 GET /home/css/main.css 1ms
[2016-05-27 14:10:42.175] [WARN] access - 304 GET /home/js/main.js 2ms
[2016-05-27 14:10:42.927] [WARN] access - 304 GET /home/css/main.css 1ms
[2016-05-27 14:10:43.054] [WARN] access - 304 GET /home/js/main.js 0ms
[2016-05-27 14:10:53.543] [INFO] access - 200 GET /qa 72ms
[2016-05-27 14:10:53.826] [WARN] access - 304 GET /home/css/main.css 2ms
[2016-05-27 14:10:53.842] [WARN] access - 304 GET /home/js/main.js 0ms
[2016-05-27 14:10:54.543] [WARN] access - 304 GET /home/css/main.css 2ms
[2016-05-27 14:10:54.639] [WARN] access - 304 GET /home/js/main.js 2ms
[2016-05-27 14:17:11.512] [ERROR] access - 500 GET /qa 8ms
[2016-05-27 14:23:15.026] [INFO] access - 200 GET /qa 105ms
[2016-05-27 14:23:15.398] [WARN] access - 304 GET /home/css/main.css 1ms
[2016-05-27 14:23:15.605] [WARN] access - 304 GET /home/js/main.js 11ms
[2016-05-27 14:23:16.621] [WARN] access - 304 GET /home/css/main.css 1ms
[2016-05-27 14:23:16.760] [WARN] access - 304 GET /home/js/main.js 1ms
[2016-05-27 14:28:31.176] [INFO] access - 200 GET /qa 80ms
[2016-05-27 14:28:31.551] [WARN] access - 304 GET /home/css/main.css 1ms
[2016-05-27 14:28:31.559] [WARN] access - 304 GET /home/js/main.js 0ms
[2016-05-27 14:28:32.430] [WARN] access - 304 GET /home/css/main.css 1ms
[2016-05-27 14:28:32.475] [WARN] access - 304 GET /home/js/main.js 0ms
[2016-05-27 14:40:28.851] [INFO] access - 200 GET / 156ms
[2016-05-27 14:40:29.102] [WARN] access - 304 GET /home/css/main.css 1ms
[2016-05-27 14:40:29.108] [WARN] access - 304 GET /home/js/main.js 0ms
[2016-05-27 14:40:29.944] [WARN] access - 304 GET /home/css/main.css 0ms
[2016-05-27 14:40:29.993] [WARN] access - 304 GET /home/js/main.js 1ms
[2016-05-27 14:40:31.296] [INFO] access - 200 GET /product 115ms
[2016-05-27 14:40:31.411] [WARN] access - 304 GET /home/css/main.css 2ms
[2016-05-27 14:40:31.424] [WARN] access - 304 GET /home/js/main.js 0ms
[2016-05-27 14:40:31.924] [WARN] access - 304 GET /home/css/main.css 0ms
[2016-05-27 14:40:31.957] [WARN] access - 304 GET /home/js/main.js 0ms
[2016-05-27 14:40:33.954] [INFO] access - 200 GET /about 106ms
[2016-05-27 14:40:34.031] [WARN] access - 304 GET /home/css/main.css 6ms
[2016-05-27 14:40:34.034] [WARN] access - 304 GET /home/js/main.js 4ms
[2016-05-27 14:40:34.471] [WARN] access - 304 GET /home/css/main.css 0ms
[2016-05-27 14:40:34.501] [WARN] access - 304 GET /home/js/main.js 1ms
[2016-05-27 14:40:35.366] [INFO] access - 200 GET /join 62ms
[2016-05-27 14:40:35.429] [WARN] access - 304 GET /home/css/main.css 1ms
[2016-05-27 14:40:35.434] [WARN] access - 304 GET /home/js/main.js 1ms
[2016-05-27 14:40:35.886] [WARN] access - 304 GET /home/css/main.css 1ms
[2016-05-27 14:40:35.941] [WARN] access - 304 GET /home/js/main.js 1ms
[2016-05-27 14:40:37.185] [WARN] access - 304 GET /qa 65ms
[2016-05-27 14:40:37.249] [WARN] access - 304 GET /home/css/main.css 2ms
[2016-05-27 14:40:37.250] [WARN] access - 304 GET /home/js/main.js 2ms
[2016-05-27 14:40:37.718] [WARN] access - 304 GET /home/css/main.css 0ms
[2016-05-27 14:40:37.826] [WARN] access - 304 GET /home/js/main.js 0ms
[2016-05-27 14:40:40.485] [WARN] access - 304 GET / 97ms
[2016-05-27 14:40:40.552] [WARN] access - 304 GET /home/css/main.css 2ms
[2016-05-27 14:40:40.553] [WARN] access - 304 GET /home/js/main.js 2ms
[2016-05-27 14:40:41.062] [WARN] access - 304 GET /home/css/main.css 1ms
[2016-05-27 14:40:41.172] [WARN] access - 304 GET /home/js/main.js 3ms
[2016-05-27 14:40:46.321] [WARN] access - 304 GET /product 77ms
[2016-05-27 14:40:46.500] [WARN] access - 304 GET /home/css/main.css 2ms
[2016-05-27 14:40:46.502] [WARN] access - 304 GET /home/js/main.js 0ms
[2016-05-27 14:40:46.884] [WARN] access - 304 GET /home/css/main.css 3ms
[2016-05-27 14:40:46.913] [WARN] access - 304 GET /home/js/main.js 0ms
[2016-05-27 14:40:49.315] [INFO] access - 200 GET /facilitator 42ms
[2016-05-27 14:40:49.379] [WARN] access - 304 GET /home/css/main.css 2ms
[2016-05-27 14:40:49.414] [WARN] access - 304 GET /home/js/main.js 0ms
[2016-05-27 14:40:49.845] [WARN] access - 304 GET /home/css/main.css 0ms
[2016-05-27 14:40:49.928] [WARN] access - 304 GET /home/js/main.js 1ms
[2016-05-27 14:43:49.989] [WARN] access - 304 GET /join 568ms
[2016-05-27 14:43:50.171] [WARN] access - 304 GET /home/css/main.css 10ms
[2016-05-27 14:43:50.179] [WARN] access - 304 GET /home/js/main.js 2ms
[2016-05-27 14:43:50.789] [WARN] access - 304 GET /home/css/main.css 1ms
[2016-05-27 14:43:50.857] [WARN] access - 304 GET /home/js/main.js 0ms
[2016-05-27 14:43:52.062] [WARN] access - 304 GET /about 122ms
[2016-05-27 14:43:52.136] [WARN] access - 304 GET /home/css/main.css 1ms
[2016-05-27 14:43:52.150] [WARN] access - 304 GET /home/js/main.js 5ms
[2016-05-27 14:43:52.722] [WARN] access - 304 GET /home/css/main.css 1ms
[2016-05-27 14:43:52.776] [WARN] access - 304 GET /home/js/main.js 0ms
[2016-05-27 14:43:56.432] [WARN] access - 304 GET / 174ms
[2016-05-27 14:43:56.595] [WARN] access - 304 GET /home/css/main.css 1ms
[2016-05-27 14:43:56.600] [WARN] access - 304 GET /home/js/main.js 1ms
[2016-05-27 14:43:57.008] [WARN] access - 304 GET /home/css/main.css 2ms
[2016-05-27 14:43:57.063] [WARN] access - 304 GET /home/js/main.js 0ms
[2016-05-27 14:55:25.868] [WARN] access - 304 GET / 249ms
[2016-05-27 14:55:26.253] [WARN] access - 304 GET /home/css/main.css 1ms
[2016-05-27 14:55:26.273] [WARN] access - 304 GET /home/js/main.js 1ms
[2016-05-27 14:55:27.375] [WARN] access - 304 GET /home/css/main.css 0ms
[2016-05-27 14:55:27.475] [WARN] access - 304 GET /home/js/main.js 0ms
[2016-05-27 15:08:52.031] [ERROR] access - 200 GET /news 8047ms
[2016-05-27 15:34:23.719] [ERROR] access - 404 GET /news 6299ms
[2016-05-27 15:35:18.335] [ERROR] access - 404 GET /news 44ms
[2016-05-27 15:35:58.835] [INFO] access - 200 GET /news/a 5330ms
[2016-05-27 15:35:59.121] [WARN] access - 304 GET /home/css/main.css 2ms
[2016-05-27 15:35:59.162] [ERROR] access - 404 GET /news/home/js/main.js 38ms
[2016-05-27 15:35:59.660] [WARN] access - 304 GET /home/css/main.css 1ms
[2016-05-27 15:35:59.710] [ERROR] access - 404 GET /news/home/js/main.js 29ms
[2016-05-27 15:36:53.372] [INFO] access - 200 GET /news/a 3403ms
[2016-05-27 15:36:53.617] [WARN] access - 304 GET /home/css/main.css 45ms
[2016-05-27 15:36:53.816] [ERROR] access - 404 GET /news/home/js/main.js 26ms
[2016-05-27 15:36:54.771] [WARN] access - 304 GET /home/css/main.css 1ms
[2016-05-27 15:36:55.105] [ERROR] access - 404 GET /news/home/js/main.js 31ms
[2016-05-27 15:37:13.857] [WARN] access - 304 GET /news/a 3321ms
[2016-05-27 15:37:14.141] [WARN] access - 304 GET /home/css/main.css 2ms
[2016-05-27 15:37:14.173] [ERROR] access - 404 GET /news/home/js/main.js 18ms
[2016-05-27 15:37:15.200] [WARN] access - 304 GET /home/css/main.css 1ms
[2016-05-27 15:37:15.336] [ERROR] access - 404 GET /news/home/js/main.js 22ms
[2016-05-27 15:40:10.596] [WARN] access - 304 GET / 474ms
[2016-05-27 15:40:10.860] [WARN] access - 304 GET /home/css/main.css 5ms
[2016-05-27 15:40:10.870] [WARN] access - 304 GET /home/js/main.js 5ms
[2016-05-27 15:40:12.239] [WARN] access - 304 GET /home/css/main.css 3ms
[2016-05-27 15:40:12.318] [WARN] access - 304 GET /home/js/main.js 0ms
[2016-05-27 15:40:58.112] [ERROR] access - 404 GET /news 25ms
[2016-05-27 15:41:10.445] [INFO] access - 200 GET /news/a 8230ms
[2016-05-27 15:41:10.666] [WARN] access - 304 GET /home/css/main.css 1ms
[2016-05-27 15:41:10.679] [WARN] access - 304 GET /home/js/main.js 1ms
[2016-05-27 15:41:11.373] [WARN] access - 304 GET /home/css/main.css 0ms
[2016-05-27 15:41:11.911] [WARN] access - 304 GET /home/js/main.js 1ms
[2016-05-27 15:52:09.022] [WARN] access - 304 GET /news/a 222ms
[2016-05-27 15:52:09.341] [WARN] access - 304 GET /home/css/main.css 8ms
[2016-05-27 15:52:09.766] [WARN] access - 304 GET /home/js/main.js 0ms
[2016-05-27 15:52:10.451] [WARN] access - 304 GET /home/css/main.css 1ms
[2016-05-27 15:52:10.487] [WARN] access - 304 GET /home/js/main.js 2ms
[2016-05-27 15:59:30.855] [ERROR] access - 404 GET /news/info 444ms
[2016-05-27 15:59:53.287] [ERROR] access - 404 GET /news/info 40ms
[2016-05-27 15:59:58.565] [ERROR] access - 404 GET /news/info/ 33ms
[2016-05-27 16:03:49.692] [INFO] access - 200 GET /news/info/ 744ms
[2016-05-27 16:03:49.904] [WARN] access - 304 GET /home/css/main.css 22ms
[2016-05-27 16:03:49.910] [WARN] access - 304 GET /home/js/main.js 1ms
[2016-05-27 16:03:51.356] [WARN] access - 304 GET /home/css/main.css 1ms
[2016-05-27 16:03:51.445] [WARN] access - 304 GET /home/js/main.js 0ms
[2016-05-27 16:04:05.343] [WARN] access - 304 GET /news/info/ 131ms
[2016-05-27 16:04:05.593] [WARN] access - 304 GET /home/css/main.css 1ms
[2016-05-27 16:04:05.616] [WARN] access - 304 GET /home/js/main.js 1ms
[2016-05-27 16:04:06.481] [WARN] access - 304 GET /home/css/main.css 0ms
[2016-05-27 16:04:06.585] [WARN] access - 304 GET /home/js/main.js 1ms
[2016-05-27 16:04:21.420] [INFO] access - 200 GET /news/case/ 113ms
[2016-05-27 16:04:21.591] [WARN] access - 304 GET /home/css/main.css 1ms
[2016-05-27 16:04:21.603] [WARN] access - 304 GET /home/js/main.js 1ms
[2016-05-27 16:04:22.807] [WARN] access - 304 GET /home/css/main.css 0ms
[2016-05-27 16:04:22.873] [WARN] access - 304 GET /home/js/main.js 0ms
[2016-05-27 16:07:24.824] [WARN] access - 304 GET /news/case/ 76ms
[2016-05-27 16:07:25.023] [WARN] access - 304 GET /home/css/main.css 2ms
[2016-05-27 16:07:25.023] [WARN] access - 304 GET /home/js/main.js 2ms
[2016-05-27 16:07:26.394] [WARN] access - 304 GET /home/css/main.css 2ms
[2016-05-27 16:07:26.468] [WARN] access - 304 GET /home/js/main.js 2ms
[2016-05-27 16:07:41.590] [INFO] access - 200 GET /news/activity/ 95ms
[2016-05-27 16:07:41.741] [WARN] access - 304 GET /home/css/main.css 1ms
[2016-05-27 16:07:41.770] [WARN] access - 304 GET /home/js/main.js 23ms
[2016-05-27 16:07:42.846] [WARN] access - 304 GET /home/css/main.css 3ms
[2016-05-27 16:07:42.900] [WARN] access - 304 GET /home/js/main.js 0ms
[2016-05-27 16:12:43.566] [WARN] access - 304 GET /news/activity/ 814ms
[2016-05-27 16:12:43.850] [WARN] access - 304 GET /home/css/main.css 17ms
[2016-05-27 16:12:43.853] [WARN] access - 304 GET /home/js/main.js 8ms
[2016-05-27 16:12:44.620] [WARN] access - 304 GET /home/css/main.css 1ms
[2016-05-27 16:12:44.683] [WARN] access - 304 GET /home/js/main.js 1ms
[2016-05-27 16:16:56.616] [WARN] access - 304 GET /news/activity/ 640ms
[2016-05-27 16:16:57.032] [WARN] access - 304 GET /home/css/main.css 4ms
[2016-05-27 16:16:57.045] [WARN] access - 304 GET /home/js/main.js 2ms
[2016-05-27 16:16:58.249] [WARN] access - 304 GET /home/css/main.css 1ms
[2016-05-27 16:16:58.344] [WARN] access - 304 GET /home/js/main.js 1ms
[2016-05-27 16:24:15.800] [WARN] access - 304 GET /news/activity/ 628ms
[2016-05-27 16:24:15.989] [WARN] access - 304 GET /home/css/main.css 7ms
[2016-05-27 16:24:15.991] [WARN] access - 304 GET /home/js/main.js 12ms
[2016-05-27 16:24:17.216] [WARN] access - 304 GET /home/css/main.css 0ms
[2016-05-27 16:24:17.241] [WARN] access - 304 GET /home/js/main.js 0ms
[2016-05-27 16:24:50.624] [WARN] access - 304 GET /news/activity/ 653ms
[2016-05-27 16:26:59.186] [WARN] access - 304 GET /news/activity/ 614ms
[2016-05-27 16:26:59.433] [WARN] access - 304 GET /home/css/main.css 5ms
[2016-05-27 16:26:59.442] [WARN] access - 304 GET /home/js/main.js 3ms
[2016-05-27 16:27:00.685] [WARN] access - 304 GET /home/css/main.css 2ms
[2016-05-27 16:27:00.829] [WARN] access - 304 GET /home/js/main.js 1ms
[2016-05-27 16:27:55.648] [WARN] access - 304 GET /news/activity/ 119ms
[2016-05-27 16:27:55.830] [WARN] access - 304 GET /home/css/main.css 3ms
[2016-05-27 16:27:55.839] [WARN] access - 304 GET /home/js/main.js 0ms
[2016-05-27 16:27:56.791] [WARN] access - 304 GET /home/css/main.css 1ms
[2016-05-27 16:27:56.888] [WARN] access - 304 GET /home/js/main.js 1ms
[2016-05-27 16:28:14.317] [WARN] access - 304 GET /news/activity/ 99ms
[2016-05-27 16:28:14.493] [WARN] access - 304 GET /home/css/main.css 1ms
[2016-05-27 16:28:14.500] [WARN] access - 304 GET /home/js/main.js 1ms
[2016-05-27 16:28:15.153] [WARN] access - 304 GET /home/css/main.css 1ms
[2016-05-27 16:28:15.200] [WARN] access - 304 GET /home/js/main.js 3ms
[2016-05-27 16:28:20.107] [WARN] access - 304 GET /home/css/main.css 1ms
[2016-05-27 16:28:22.876] [WARN] access - 304 GET /news/activity/ 86ms
[2016-05-27 16:28:22.994] [WARN] access - 304 GET /home/css/main.css 3ms
[2016-05-27 16:28:23.126] [WARN] access - 304 GET /home/js/main.js 1ms
[2016-05-27 16:28:27.248] [WARN] access - 304 GET /home/css/main.css 1ms
[2016-05-27 16:28:27.271] [WARN] access - 304 GET /home/js/main.js 1ms
[2016-05-27 16:28:46.573] [WARN] access - 304 GET /news/activity/ 128ms
[2016-05-27 16:28:46.987] [WARN] access - 304 GET /home/css/main.css 1ms
[2016-05-27 16:28:47.022] [WARN] access - 304 GET /home/js/main.js 1ms
[2016-05-27 16:28:47.884] [WARN] access - 304 GET /home/css/main.css 1ms
[2016-05-27 16:28:47.907] [WARN] access - 304 GET /home/js/main.js 0ms
[2016-05-27 16:29:00.762] [WARN] access - 304 GET /news/activity/ 734ms
[2016-05-27 16:29:01.137] [WARN] access - 304 GET /home/css/main.css 8ms
[2016-05-27 16:29:01.185] [WARN] access - 304 GET /home/js/main.js 2ms
[2016-05-27 16:29:01.933] [WARN] access - 304 GET /home/css/main.css 1ms
[2016-05-27 16:29:01.958] [WARN] access - 304 GET /home/js/main.js 0ms
[2016-05-27 16:30:22.927] [WARN] access - 304 GET /news/activity/ 687ms
[2016-05-27 16:30:23.116] [WARN] access - 304 GET /home/css/main.css 8ms
[2016-05-27 16:30:23.130] [WARN] access - 304 GET /home/js/main.js 2ms
[2016-05-27 16:30:24.367] [WARN] access - 304 GET /home/css/main.css 1ms
[2016-05-27 16:30:24.417] [WARN] access - 304 GET /home/js/main.js 1ms
[2016-05-27 16:30:25.984] [INFO] access - 200 GET / 297ms
[2016-05-27 16:30:26.415] [WARN] access - 304 GET /home/css/main.css 1ms
[2016-05-27 16:30:26.421] [WARN] access - 304 GET /home/js/main.js 1ms
[2016-05-27 16:30:27.516] [WARN] access - 304 GET /home/css/main.css 0ms
[2016-05-27 16:30:27.564] [WARN] access - 304 GET /home/js/main.js 0ms
[2016-05-27 16:32:59.102] [WARN] access - 304 GET / 211ms
[2016-05-27 16:32:59.371] [WARN] access - 304 GET /home/css/main.css 2ms
[2016-05-27 16:32:59.390] [WARN] access - 304 GET /home/js/main.js 0ms
[2016-05-27 16:33:00.739] [WARN] access - 304 GET /home/css/main.css 1ms
[2016-05-27 16:33:00.836] [WARN] access - 304 GET /home/js/main.js 1ms
[2016-05-27 16:33:02.000] [INFO] access - 200 GET /product 76ms
[2016-05-27 16:33:02.304] [WARN] access - 304 GET /home/css/main.css 0ms
[2016-05-27 16:33:02.314] [WARN] access - 304 GET /home/js/main.js 1ms
[2016-05-27 16:33:03.060] [WARN] access - 304 GET /home/css/main.css 1ms
[2016-05-27 16:33:03.087] [WARN] access - 304 GET /home/js/main.js 0ms
[2016-05-27 16:33:03.753] [INFO] access - 200 GET /facilitator 60ms
[2016-05-27 16:33:04.049] [WARN] access - 304 GET /home/css/main.css 1ms
[2016-05-27 16:33:04.060] [WARN] access - 304 GET /home/js/main.js 1ms
[2016-05-27 16:33:04.760] [WARN] access - 304 GET /home/css/main.css 1ms
[2016-05-27 16:33:04.798] [WARN] access - 304 GET /home/js/main.js 1ms
[2016-05-27 16:33:06.902] [INFO] access - 200 GET /join 110ms
[2016-05-27 16:33:07.156] [WARN] access - 304 GET /home/css/main.css 1ms
[2016-05-27 16:33:07.167] [WARN] access - 304 GET /home/js/main.js 1ms
[2016-05-27 16:33:07.713] [WARN] access - 304 GET /home/css/main.css 1ms
[2016-05-27 16:33:07.740] [WARN] access - 304 GET /home/js/main.js 0ms
[2016-05-27 16:33:09.314] [INFO] access - 200 GET /qa 69ms
[2016-05-27 16:33:09.595] [WARN] access - 304 GET /home/css/main.css 0ms
[2016-05-27 16:33:09.598] [WARN] access - 304 GET /home/js/main.js 1ms
[2016-05-27 16:33:10.419] [WARN] access - 304 GET /home/css/main.css 0ms
[2016-05-27 16:33:10.443] [WARN] access - 304 GET /home/js/main.js 1ms
[2016-05-27 17:00:21.102] [WARN] access - 304 GET / 762ms
[2016-05-27 17:00:21.444] [WARN] access - 304 GET /home/css/main.css 6ms
[2016-05-27 17:00:21.449] [WARN] access - 304 GET /home/js/main.js 1ms
[2016-05-27 17:00:22.542] [WARN] access - 304 GET /home/css/main.css 1ms
[2016-05-27 17:00:22.636] [WARN] access - 304 GET /home/js/main.js 2ms
[2016-05-27 17:01:06.067] [WARN] access - 304 GET /product 154ms
[2016-05-27 17:01:06.498] [WARN] access - 304 GET /home/css/main.css 1ms
[2016-05-27 17:01:06.516] [WARN] access - 304 GET /home/js/main.js 1ms
[2016-05-27 17:01:07.128] [WARN] access - 304 GET /home/css/main.css 1ms
[2016-05-27 17:01:07.208] [WARN] access - 304 GET /home/js/main.js 1ms
[2016-05-27 17:01:07.381] [WARN] access - 304 GET /facilitator 135ms
[2016-05-27 17:01:07.792] [WARN] access - 304 GET /home/css/main.css 3ms
[2016-05-27 17:01:07.835] [WARN] access - 304 GET /home/js/main.js 2ms
[2016-05-27 17:01:08.590] [WARN] access - 304 GET /home/css/main.css 3ms
[2016-05-27 17:01:08.640] [WARN] access - 304 GET /home/js/main.js 3ms
[2016-05-27 17:01:09.978] [WARN] access - 304 GET /join 109ms
[2016-05-27 17:01:10.174] [WARN] access - 304 GET /home/css/main.css 3ms
[2016-05-27 17:01:10.179] [WARN] access - 304 GET /home/js/main.js 6ms
[2016-05-27 17:01:10.836] [WARN] access - 304 GET /home/css/main.css 2ms
[2016-05-27 17:01:10.935] [WARN] access - 304 GET /home/js/main.js 4ms
[2016-05-27 17:01:11.633] [WARN] access - 304 GET /qa 100ms
[2016-05-27 17:01:11.861] [WARN] access - 304 GET /home/css/main.css 2ms
[2016-05-27 17:01:11.863] [WARN] access - 304 GET /home/js/main.js 3ms
[2016-05-27 17:01:12.559] [WARN] access - 304 GET /home/css/main.css 2ms
[2016-05-27 17:01:12.593] [WARN] access - 304 GET /home/js/main.js 0ms
[2016-05-27 17:01:14.466] [WARN] access - 304 GET / 177ms
[2016-05-27 17:01:14.735] [WARN] access - 304 GET /home/css/main.css 3ms
[2016-05-27 17:01:14.743] [WARN] access - 304 GET /home/js/main.js 4ms
[2016-05-27 17:01:15.625] [WARN] access - 304 GET /home/css/main.css 1ms
[2016-05-27 17:01:15.720] [WARN] access - 304 GET /home/js/main.js 1ms
[2016-05-27 17:09:18.785] [WARN] access - 304 GET / 947ms
[2016-05-27 17:09:19.141] [WARN] access - 304 GET /home/css/main.css 5ms
[2016-05-27 17:09:19.147] [WARN] access - 304 GET /home/js/main.js 2ms
[2016-05-27 17:09:30.821] [WARN] access - 304 GET /home/css/main.css 2ms
[2016-05-27 17:09:31.366] [WARN] access - 304 GET /home/js/main.js 2ms
[2016-05-27 17:09:33.576] [ERROR] access - 404 GET /news 13ms
[2016-05-27 17:09:46.430] [ERROR] access - 404 GET /news/a 7ms
[2016-05-27 17:09:52.207] [INFO] access - 200 GET /news/info 164ms
[2016-05-27 17:09:52.349] [WARN] access - 304 GET /home/css/main.css 2ms
[2016-05-27 17:09:52.360] [WARN] access - 304 GET /home/js/main.js 2ms
[2016-05-27 17:09:52.939] [WARN] access - 304 GET /home/css/main.css 1ms
[2016-05-27 17:09:53.226] [WARN] access - 304 GET /home/js/main.js 3ms
[2016-05-27 17:14:35.476] [WARN] access - 304 GET / 748ms
[2016-05-27 17:14:35.877] [WARN] access - 304 GET /home/css/main.css 6ms
[2016-05-27 17:14:35.886] [WARN] access - 304 GET /home/js/main.js 4ms
[2016-05-27 17:14:37.216] [WARN] access - 304 GET /home/css/main.css 3ms
[2016-05-27 17:14:37.258] [WARN] access - 304 GET /home/js/main.js 6ms
[2016-05-27 17:14:38.009] [WARN] access - 304 GET /product 101ms
[2016-05-27 17:14:38.158] [WARN] access - 304 GET /home/css/main.css 1ms
[2016-05-27 17:14:38.162] [WARN] access - 304 GET /home/js/main.js 2ms
[2016-05-27 17:14:38.859] [WARN] access - 304 GET /home/css/main.css 2ms
[2016-05-27 17:14:38.890] [WARN] access - 304 GET /home/js/main.js 1ms
[2016-05-27 17:14:39.744] [ERROR] access - 404 GET /news 11ms
[2016-05-27 17:15:00.631] [ERROR] access - 404 GET /news/a 4ms
[2016-05-27 17:15:11.398] [ERROR] access - 404 GET /news/a 6ms
[2016-05-27 17:15:22.035] [ERROR] access - 404 GET /news/a 22ms
[2016-05-27 17:15:26.107] [ERROR] access - 404 GET /news/a 12ms
[2016-05-27 17:15:35.241] [ERROR] access - 404 GET /news/a 9ms
[2016-05-27 17:16:10.496] [ERROR] access - 404 GET /news/a 22ms
[2016-05-27 17:16:17.157] [WARN] access - 304 GET / 705ms
[2016-05-27 17:16:17.512] [WARN] access - 304 GET /home/css/main.css 14ms
[2016-05-27 17:16:17.530] [WARN] access - 304 GET /home/js/main.js 2ms
[2016-05-27 17:16:18.727] [WARN] access - 304 GET /home/css/main.css 2ms
[2016-05-27 17:16:18.803] [WARN] access - 304 GET /home/js/main.js 3ms
[2016-05-27 17:16:19.457] [ERROR] access - 404 GET /news 3ms
[2016-05-27 17:16:49.840] [ERROR] access - 404 GET /news/a 4ms
[2016-05-27 17:16:50.053] [ERROR] access - 404 GET /news/a 2ms
[2016-05-27 17:17:00.355] [ERROR] access - 404 GET /news/a 3ms
[2016-05-27 17:17:09.170] [ERROR] access - 404 GET /news/a 21ms
[2016-05-27 17:17:57.668] [ERROR] access - 404 GET /news/a 22ms
[2016-05-27 17:18:27.310] [ERROR] access - 404 GET /news/a 33ms
[2016-05-27 17:18:31.952] [ERROR] access - 404 GET /news/a 13ms
[2016-05-27 17:18:58.931] [WARN] access - 304 GET / 822ms
[2016-05-27 17:18:59.223] [WARN] access - 304 GET /home/css/main.css 34ms
[2016-05-27 17:18:59.257] [WARN] access - 304 GET /home/js/main.js 4ms
[2016-05-27 17:19:00.291] [WARN] access - 304 GET /home/css/main.css 2ms
[2016-05-27 17:19:00.346] [WARN] access - 304 GET /home/js/main.js 5ms
[2016-05-27 17:19:01.166] [ERROR] access - 404 GET /news 8ms
[2016-05-27 17:19:31.364] [ERROR] access - 404 GET /news 56ms
[2016-05-27 17:19:37.808] [WARN] access - 304 GET /home/css/main.css 12ms
[2016-05-27 17:19:37.840] [WARN] access - 304 GET /home/js/main.js 5ms
[2016-05-27 17:19:39.374] [WARN] access - 304 GET / 1008ms
[2016-05-27 17:19:39.621] [WARN] access - 304 GET /home/css/main.css 83ms
[2016-05-27 17:19:39.639] [WARN] access - 304 GET /home/js/main.js 98ms
[2016-05-27 17:19:40.342] [WARN] access - 304 GET /home/css/main.css 1ms
[2016-05-27 17:19:40.362] [WARN] access - 304 GET /home/js/main.js 0ms
[2016-05-27 17:19:42.975] [ERROR] access - 404 GET /news 12ms
[2016-05-27 17:20:27.375] [ERROR] access - 404 GET /news 20ms
[2016-05-27 17:20:30.954] [WARN] access - 304 GET /home/css/main.css 9ms
[2016-05-27 17:20:31.061] [WARN] access - 304 GET /home/js/main.js 13ms
[2016-05-27 17:20:32.388] [WARN] access - 304 GET /product 714ms
[2016-05-27 17:20:32.719] [WARN] access - 304 GET /home/css/main.css 5ms
[2016-05-27 17:20:32.756] [WARN] access - 304 GET /home/js/main.js 2ms
[2016-05-27 17:20:33.565] [WARN] access - 304 GET /home/css/main.css 3ms
[2016-05-27 17:20:33.604] [WARN] access - 304 GET /home/js/main.js 1ms
[2016-05-27 17:20:34.309] [ERROR] access - 404 GET /news 17ms
[2016-05-27 17:21:20.159] [ERROR] access - 404 GET /news 14ms
[2016-05-27 17:21:30.607] [ERROR] access - 404 GET /news 5ms
[2016-05-27 17:21:44.087] [ERROR] access - 404 GET /news 3ms
[2016-05-27 17:21:54.571] [ERROR] access - 404 GET /news/a 3ms
[2016-05-27 17:21:54.944] [ERROR] access - 404 GET /news/a 3ms
[2016-05-27 17:22:53.424] [ERROR] access - 404 GET /news/a 15ms
[2016-05-27 17:23:58.269] [ERROR] access - 404 GET /news/a 18ms
[2016-05-27 17:24:02.621] [ERROR] access - 404 GET /news/a 10ms
[2016-05-27 17:24:21.622] [WARN] access - 304 GET /home/css/main.css 6ms
[2016-05-27 17:24:21.626] [WARN] access - 304 GET /home/js/main.js 13ms
[2016-05-27 17:24:30.151] [ERROR] access - 404 GET /news 4ms
[2016-05-27 17:26:29.250] [ERROR] access - 404 GET /news 29ms
[2016-05-27 17:26:40.812] [INFO] access - 200 GET / 715ms
[2016-05-27 17:26:40.976] [INFO] access - 200 GET /home/css/main.css 15ms
[2016-05-27 17:26:41.120] [INFO] access - 200 GET /home/js/main.js 6ms
[2016-05-27 17:26:41.862] [WARN] access - 304 GET /home/css/main.css 4ms
[2016-05-27 17:26:42.042] [WARN] access - 304 GET /home/js/main.js 2ms
[2016-05-27 17:26:43.806] [INFO] access - 200 GET /facilitator 367ms
[2016-05-27 17:26:43.972] [WARN] access - 304 GET /home/css/main.css 5ms
[2016-05-27 17:26:43.982] [WARN] access - 304 GET /home/js/main.js 13ms
[2016-05-27 17:26:44.679] [WARN] access - 304 GET /home/css/main.css 2ms
[2016-05-27 17:26:44.781] [WARN] access - 304 GET /home/js/main.js 2ms
[2016-05-27 17:26:46.811] [ERROR] access - 404 GET /news 6ms
[2016-05-27 17:28:32.016] [WARN] access - 304 GET /product 569ms
[2016-05-27 17:28:32.400] [WARN] access - 304 GET /home/css/main.css 4ms
[2016-05-27 17:28:32.412] [WARN] access - 304 GET /home/js/main.js 1ms
[2016-05-27 17:28:33.305] [WARN] access - 304 GET /home/css/main.css 3ms
[2016-05-27 17:28:33.333] [WARN] access - 304 GET /home/js/main.js 1ms
[2016-05-27 17:28:34.091] [ERROR] access - 404 GET /news 28ms
[2016-05-27 17:29:04.594] [ERROR] access - 404 GET /news 20ms
[2016-05-27 17:29:15.139] [ERROR] access - 404 GET /news 14ms
[2016-05-27 17:29:30.254] [ERROR] access - 404 GET /news 6ms
[2016-05-27 17:29:38.611] [ERROR] access - 404 GET /news 353ms
[2016-05-27 17:46:39.922] [WARN] access - 304 GET /home/css/main.css 10ms
[2016-05-27 17:46:40.015] [WARN] access - 304 GET /home/js/main.js 8ms
[2016-05-27 17:46:40.709] [INFO] access - 200 GET / 349ms
[2016-05-27 17:46:40.962] [WARN] access - 304 GET /home/css/main.css 2ms
[2016-05-27 17:46:40.972] [WARN] access - 304 GET /home/js/main.js 1ms
[2016-05-27 17:46:42.031] [WARN] access - 304 GET /home/css/main.css 2ms
[2016-05-27 17:46:42.091] [WARN] access - 304 GET /home/js/main.js 7ms
[2016-05-27 17:55:53.136] [WARN] access - 304 GET / 955ms
[2016-05-27 17:55:53.549] [WARN] access - 304 GET /home/css/main.css 5ms
[2016-05-27 17:55:53.562] [WARN] access - 304 GET /home/js/main.js 2ms
[2016-05-27 17:55:55.824] [WARN] access - 304 GET /home/css/main.css 3ms
[2016-05-27 17:55:55.971] [WARN] access - 304 GET /home/js/main.js 2ms
[2016-05-27 17:55:56.577] [WARN] access - 304 GET /product 157ms
[2016-05-27 17:55:57.045] [WARN] access - 304 GET /home/css/main.css 2ms
[2016-05-27 17:55:57.060] [WARN] access - 304 GET /home/js/main.js 1ms
[2016-05-27 17:55:57.637] [WARN] access - 304 GET /home/css/main.css 2ms
[2016-05-27 17:55:57.709] [WARN] access - 304 GET /home/js/main.js 1ms
[2016-05-27 17:56:12.192] [WARN] access - 304 GET /facilitator 118ms
[2016-05-27 17:56:12.583] [WARN] access - 304 GET /home/css/main.css 5ms
[2016-05-27 17:56:12.584] [WARN] access - 304 GET /home/js/main.js 5ms
[2016-05-27 17:56:13.222] [WARN] access - 304 GET /home/css/main.css 2ms
[2016-05-27 17:56:13.329] [WARN] access - 304 GET /home/js/main.js 1ms
[2016-05-27 17:56:14.830] [WARN] access - 304 GET /join 127ms
[2016-05-27 17:56:15.109] [WARN] access - 304 GET /home/css/main.css 1ms
[2016-05-27 17:56:15.120] [WARN] access - 304 GET /home/js/main.js 1ms
[2016-05-27 17:56:15.879] [WARN] access - 304 GET /home/css/main.css 1ms
[2016-05-27 17:56:15.913] [WARN] access - 304 GET /home/js/main.js 1ms
[2016-05-27 17:56:16.704] [WARN] access - 304 GET /qa 69ms
[2016-05-27 17:56:16.992] [WARN] access - 304 GET /home/css/main.css 1ms
[2016-05-27 17:56:17.000] [WARN] access - 304 GET /home/js/main.js 1ms
[2016-05-27 17:56:17.512] [WARN] access - 304 GET /home/css/main.css 2ms
[2016-05-27 17:56:17.592] [WARN] access - 304 GET /home/js/main.js 2ms
[2016-05-27 18:57:22.353] [WARN] access - 304 GET / 204ms
[2016-05-27 18:57:22.982] [WARN] access - 304 GET /home/css/main.css 4ms
[2016-05-27 18:57:22.992] [WARN] access - 304 GET /home/js/main.js 1ms
[2016-05-27 18:57:24.537] [WARN] access - 304 GET /home/css/main.css 1ms
[2016-05-27 18:57:24.586] [ERROR] access - 404 GET /news 21ms
[2016-05-27 18:57:29.543] [INFO] access - 200 GET /news/info 90ms
[2016-05-27 18:57:29.763] [WARN] access - 304 GET /home/css/main.css 3ms
[2016-05-27 18:57:29.765] [WARN] access - 304 GET /home/js/main.js 3ms
[2016-05-27 18:57:30.568] [WARN] access - 304 GET /home/css/main.css 1ms
[2016-05-27 18:57:30.620] [WARN] access - 304 GET /home/js/main.js 1ms
[2016-05-27 18:58:10.021] [WARN] access - 304 GET /news/info 635ms
[2016-05-27 18:58:10.164] [WARN] access - 304 GET /home/css/main.css 7ms
[2016-05-27 18:58:10.182] [WARN] access - 304 GET /home/js/main.js 2ms
[2016-05-27 18:58:11.527] [WARN] access - 304 GET /home/css/main.css 2ms
[2016-05-27 18:58:11.549] [WARN] access - 304 GET /home/js/main.js 2ms
[2016-05-27 18:58:43.042] [WARN] access - 304 GET /news/info 490ms
[2016-05-27 18:58:43.208] [WARN] access - 304 GET /home/css/main.css 9ms
[2016-05-27 18:58:43.210] [WARN] access - 304 GET /home/js/main.js 10ms
[2016-05-27 18:58:44.347] [WARN] access - 304 GET /home/css/main.css 3ms
[2016-05-27 18:58:44.447] [WARN] access - 304 GET /home/js/main.js 1ms
[2016-05-27 18:58:53.066] [INFO] access - 200 GET /news/case 148ms
[2016-05-27 18:58:53.329] [WARN] access - 304 GET /home/css/main.css 2ms
[2016-05-27 18:58:53.347] [WARN] access - 304 GET /home/js/main.js 13ms
[2016-05-27 18:58:54.200] [WARN] access - 304 GET /home/css/main.css 2ms
[2016-05-27 18:58:54.309] [WARN] access - 304 GET /home/js/main.js 0ms
